{"C:\\Users\\Lovro\\Documents\\Projects\\Algo_Trading\\frontend\\src\\components\\ui\\input.tsx": {"path":"C:\\Users\\Lovro\\Documents\\Projects\\Algo_Trading\\frontend\\src\\components\\ui\\input.tsx","statementMap":{"0":{"start":{"line":8,"column":0},"end":{"line":8,"column":15}},"1":{"start":{"line":8,"column":0},"end":{"line":8,"column":null}},"2":{"start":{"line":8,"column":15},"end":{"line":8,"column":56}},"3":{"start":{"line":8,"column":56},"end":{"line":8,"column":null}},"4":{"start":{"line":8,"column":56},"end":{"line":16,"column":null}},"5":{"start":{"line":13,"column":17},"end":{"line":16,"column":null}},"6":{"start":{"line":16,"column":7},"end":{"line":16,"column":null}},"7":{"start":{"line":16,"column":7},"end":{"line":18,"column":null}},"8":{"start":{"line":10,"column":4},"end":{"line":18,"column":null}},"9":{"start":{"line":18,"column":6},"end":{"line":18,"column":null}},"10":{"start":{"line":18,"column":6},"end":{"line":10,"column":5}}},"fnMap":{"0":{"name":"Input","decl":{"start":{"line":8,"column":0},"end":{"line":8,"column":15}},"loc":{"start":{"line":8,"column":0},"end":{"line":10,"column":5}},"line":8}},"branchMap":{"0":{"loc":{"start":{"line":8,"column":0},"end":{"line":8,"column":null}},"type":"if","locations":[{"start":{"line":8,"column":0},"end":{"line":8,"column":null}},{"start":{"line":8,"column":56},"end":{"line":8,"column":null}}],"line":8},"1":{"loc":{"start":{"line":8,"column":56},"end":{"line":16,"column":null}},"type":"if","locations":[{"start":{"line":8,"column":56},"end":{"line":16,"column":null}},{"start":{"line":16,"column":7},"end":{"line":16,"column":null}}],"line":8},"2":{"loc":{"start":{"line":16,"column":7},"end":{"line":18,"column":null}},"type":"if","locations":[{"start":{"line":16,"column":7},"end":{"line":18,"column":null}},{"start":{"line":18,"column":6},"end":{"line":18,"column":null}}],"line":16},"3":{"loc":{"start":{"line":16,"column":7},"end":{"line":16,"column":null}},"type":"binary-expr","locations":[{"start":{"line":16,"column":7},"end":{"line":16,"column":null}},{"start":{"line":16,"column":7},"end":{"line":16,"column":null}},{"start":{"line":16,"column":7},"end":{"line":16,"column":null}}],"line":16}},"s":{"0":3,"1":3,"2":3,"3":0,"4":3,"5":3,"6":0,"7":3,"8":3,"9":0,"10":3},"f":{"0":3},"b":{"0":[3,0],"1":[3,0],"2":[3,0],"3":[3,0,0]},"meta":{"lastBranch":4,"lastFunction":1,"lastStatement":11,"seen":{"f:8:0:8:15":0,"s:8:0:8:15":0,"b:8:0:8:Infinity:8:56:8:Infinity":0,"s:8:0:8:Infinity":1,"s:8:15:8:56":2,"s:8:56:8:Infinity":3,"b:8:56:16:Infinity:16:7:16:Infinity":1,"s:8:56:16:Infinity":4,"s:13:17:16:Infinity":5,"s:16:7:16:Infinity":6,"b:16:7:18:Infinity:18:6:18:Infinity":2,"s:16:7:18:Infinity":7,"b:16:7:16:Infinity:16:7:16:Infinity:16:7:16:Infinity":3,"s:10:4:18:Infinity":8,"s:18:6:18:Infinity":9,"s:18:6:10:5":10}}}
,"C:\\Users\\Lovro\\Documents\\Projects\\Algo_Trading\\frontend\\src\\components\\ui\\label.tsx": {"path":"C:\\Users\\Lovro\\Documents\\Projects\\Algo_Trading\\frontend\\src\\components\\ui\\label.tsx","statementMap":{"0":{"start":{"line":1,"column":0},"end":{"line":1,"column":13}},"1":{"start":{"line":9,"column":0},"end":{"line":9,"column":15}},"2":{"start":{"line":9,"column":0},"end":{"line":9,"column":null}},"3":{"start":{"line":9,"column":15},"end":{"line":9,"column":50}},"4":{"start":{"line":9,"column":50},"end":{"line":9,"column":null}},"5":{"start":{"line":9,"column":50},"end":{"line":16,"column":null}},"6":{"start":{"line":13,"column":17},"end":{"line":16,"column":null}},"7":{"start":{"line":16,"column":7},"end":{"line":16,"column":null}},"8":{"start":{"line":16,"column":7},"end":{"line":18,"column":null}},"9":{"start":{"line":11,"column":4},"end":{"line":18,"column":null}},"10":{"start":{"line":18,"column":6},"end":{"line":18,"column":null}},"11":{"start":{"line":18,"column":6},"end":{"line":11,"column":null}}},"fnMap":{"0":{"name":"Label","decl":{"start":{"line":9,"column":0},"end":{"line":9,"column":15}},"loc":{"start":{"line":9,"column":0},"end":{"line":11,"column":null}},"line":9}},"branchMap":{"0":{"loc":{"start":{"line":9,"column":0},"end":{"line":9,"column":null}},"type":"if","locations":[{"start":{"line":9,"column":0},"end":{"line":9,"column":null}},{"start":{"line":9,"column":50},"end":{"line":9,"column":null}}],"line":9},"1":{"loc":{"start":{"line":9,"column":50},"end":{"line":16,"column":null}},"type":"if","locations":[{"start":{"line":9,"column":50},"end":{"line":16,"column":null}},{"start":{"line":16,"column":7},"end":{"line":16,"column":null}}],"line":9},"2":{"loc":{"start":{"line":16,"column":7},"end":{"line":18,"column":null}},"type":"if","locations":[{"start":{"line":16,"column":7},"end":{"line":18,"column":null}},{"start":{"line":18,"column":6},"end":{"line":18,"column":null}}],"line":16},"3":{"loc":{"start":{"line":16,"column":7},"end":{"line":16,"column":null}},"type":"binary-expr","locations":[{"start":{"line":16,"column":7},"end":{"line":16,"column":null}},{"start":{"line":16,"column":7},"end":{"line":16,"column":null}}],"line":16}},"s":{"0":1,"1":3,"2":3,"3":3,"4":0,"5":3,"6":3,"7":0,"8":3,"9":3,"10":0,"11":3},"f":{"0":3},"b":{"0":[3,0],"1":[3,0],"2":[3,0],"3":[3,0]},"meta":{"lastBranch":4,"lastFunction":1,"lastStatement":12,"seen":{"s:1:0:1:13":0,"f:9:0:9:15":0,"s:9:0:9:15":1,"b:9:0:9:Infinity:9:50:9:Infinity":0,"s:9:0:9:Infinity":2,"s:9:15:9:50":3,"s:9:50:9:Infinity":4,"b:9:50:16:Infinity:16:7:16:Infinity":1,"s:9:50:16:Infinity":5,"s:13:17:16:Infinity":6,"s:16:7:16:Infinity":7,"b:16:7:18:Infinity:18:6:18:Infinity":2,"s:16:7:18:Infinity":8,"b:16:7:16:Infinity:16:7:16:Infinity":3,"s:11:4:18:Infinity":9,"s:18:6:18:Infinity":10,"s:18:6:11:Infinity":11}}}
,"C:\\Users\\Lovro\\Documents\\Projects\\Algo_Trading\\frontend\\src\\features\\charts\\plugins\\ModalItem.tsx": {"path":"C:\\Users\\Lovro\\Documents\\Projects\\Algo_Trading\\frontend\\src\\features\\charts\\plugins\\ModalItem.tsx","statementMap":{"0":{"start":{"line":11,"column":15},"end":{"line":11,"column":34}},"1":{"start":{"line":11,"column":34},"end":{"line":11,"column":92}},"2":{"start":{"line":11,"column":92},"end":{"line":14,"column":null}},"3":{"start":{"line":14,"column":52},"end":{"line":14,"column":null}},"4":{"start":{"line":14,"column":72},"end":{"line":14,"column":null}},"5":{"start":{"line":14,"column":72},"end":{"line":16,"column":null}},"6":{"start":{"line":14,"column":6},"end":{"line":16,"column":null}},"7":{"start":{"line":16,"column":13},"end":{"line":16,"column":null}},"8":{"start":{"line":16,"column":13},"end":{"line":18,"column":null}},"9":{"start":{"line":18,"column":8},"end":{"line":18,"column":null}},"10":{"start":{"line":18,"column":57},"end":{"line":18,"column":null}},"11":{"start":{"line":18,"column":57},"end":{"line":19,"column":null}},"12":{"start":{"line":19,"column":8},"end":{"line":19,"column":null}},"13":{"start":{"line":19,"column":64},"end":{"line":19,"column":null}},"14":{"start":{"line":19,"column":64},"end":{"line":20,"column":null}},"15":{"start":{"line":17,"column":6},"end":{"line":19,"column":24}},"16":{"start":{"line":20,"column":12},"end":{"line":20,"column":null}},"17":{"start":{"line":20,"column":12},"end":{"line":21,"column":null}},"18":{"start":{"line":13,"column":4},"end":{"line":21,"column":null}},"19":{"start":{"line":21,"column":7},"end":{"line":21,"column":null}},"20":{"start":{"line":13,"column":4},"end":{"line":13,"column":null}},"21":{"start":{"line":22,"column":4},"end":{"line":29,"column":null}},"22":{"start":{"line":23,"column":9},"end":{"line":29,"column":null}},"23":{"start":{"line":29,"column":3},"end":{"line":29,"column":null}},"24":{"start":{"line":29,"column":3},"end":{"line":23,"column":null}}},"fnMap":{"0":{"name":"ModalItem","decl":{"start":{"line":11,"column":15},"end":{"line":11,"column":34}},"loc":{"start":{"line":11,"column":15},"end":{"line":23,"column":null}},"line":11}},"branchMap":{"0":{"loc":{"start":{"line":11,"column":92},"end":{"line":14,"column":null}},"type":"if","locations":[{"start":{"line":11,"column":92},"end":{"line":14,"column":null}},{"start":{"line":14,"column":72},"end":{"line":14,"column":null}}],"line":11},"1":{"loc":{"start":{"line":14,"column":72},"end":{"line":16,"column":null}},"type":"if","locations":[{"start":{"line":14,"column":72},"end":{"line":16,"column":null}},{"start":{"line":16,"column":13},"end":{"line":16,"column":null}}],"line":14},"2":{"loc":{"start":{"line":14,"column":72},"end":{"line":14,"column":null}},"type":"binary-expr","locations":[{"start":{"line":14,"column":72},"end":{"line":14,"column":null}},{"start":{"line":14,"column":72},"end":{"line":14,"column":null}}],"line":14},"3":{"loc":{"start":{"line":16,"column":13},"end":{"line":18,"column":null}},"type":"if","locations":[{"start":{"line":16,"column":13},"end":{"line":18,"column":null}},{"start":{"line":18,"column":57},"end":{"line":18,"column":null}}],"line":16},"4":{"loc":{"start":{"line":18,"column":57},"end":{"line":19,"column":null}},"type":"if","locations":[{"start":{"line":18,"column":57},"end":{"line":19,"column":null}},{"start":{"line":19,"column":64},"end":{"line":19,"column":null}}],"line":18},"5":{"loc":{"start":{"line":19,"column":64},"end":{"line":20,"column":null}},"type":"if","locations":[{"start":{"line":19,"column":64},"end":{"line":20,"column":null}},{"start":{"line":20,"column":12},"end":{"line":20,"column":null}}],"line":19},"6":{"loc":{"start":{"line":19,"column":64},"end":{"line":19,"column":null}},"type":"binary-expr","locations":[{"start":{"line":19,"column":64},"end":{"line":19,"column":null}},{"start":{"line":19,"column":64},"end":{"line":19,"column":null}}],"line":19},"7":{"loc":{"start":{"line":20,"column":12},"end":{"line":21,"column":null}},"type":"if","locations":[{"start":{"line":20,"column":12},"end":{"line":21,"column":null}},{"start":{"line":21,"column":7},"end":{"line":21,"column":null}}],"line":20},"8":{"loc":{"start":{"line":20,"column":12},"end":{"line":20,"column":null}},"type":"binary-expr","locations":[{"start":{"line":20,"column":12},"end":{"line":20,"column":null}},{"start":{"line":20,"column":12},"end":{"line":20,"column":null}}],"line":20},"9":{"loc":{"start":{"line":22,"column":4},"end":{"line":29,"column":null}},"type":"if","locations":[{"start":{"line":22,"column":4},"end":{"line":29,"column":null}},{"start":{"line":29,"column":3},"end":{"line":29,"column":null}}],"line":22},"10":{"loc":{"start":{"line":22,"column":4},"end":{"line":22,"column":null}},"type":"binary-expr","locations":[{"start":{"line":22,"column":4},"end":{"line":22,"column":null}},{"start":{"line":22,"column":4},"end":{"line":22,"column":null}}],"line":22},"11":{"loc":{"start":{"line":23,"column":9},"end":{"line":29,"column":null}},"type":"cond-expr","locations":[{"start":{"line":24,"column":4},"end":{"line":28,"column":19}},{"start":{"line":28,"column":4},"end":{"line":29,"column":null}}],"line":23}},"s":{"0":0,"1":0,"2":0,"3":0,"4":0,"5":0,"6":0,"7":0,"8":0,"9":0,"10":0,"11":0,"12":0,"13":0,"14":0,"15":0,"16":0,"17":0,"18":0,"19":0,"20":0,"21":0,"22":0,"23":0,"24":0},"f":{"0":0},"b":{"0":[0,0],"1":[0,0],"2":[0,0],"3":[0,0],"4":[0,0],"5":[0,0],"6":[0,0],"7":[0,0],"8":[0,0],"9":[0,0],"10":[0,0],"11":[0,0]},"meta":{"lastBranch":12,"lastFunction":1,"lastStatement":25,"seen":{"f:11:15:11:34":0,"s:11:15:11:34":0,"s:11:34:11:92":1,"b:11:92:14:Infinity:14:72:14:Infinity":0,"s:11:92:14:Infinity":2,"s:14:52:14:Infinity":3,"s:14:72:14:Infinity":4,"b:14:72:16:Infinity:16:13:16:Infinity":1,"s:14:72:16:Infinity":5,"b:14:72:14:Infinity:14:72:14:Infinity":2,"s:14:6:16:Infinity":6,"s:16:13:16:Infinity":7,"b:16:13:18:Infinity:18:57:18:Infinity":3,"s:16:13:18:Infinity":8,"s:18:8:18:Infinity":9,"s:18:57:18:Infinity":10,"b:18:57:19:Infinity:19:64:19:Infinity":4,"s:18:57:19:Infinity":11,"s:19:8:19:Infinity":12,"s:19:64:19:Infinity":13,"b:19:64:20:Infinity:20:12:20:Infinity":5,"s:19:64:20:Infinity":14,"b:19:64:19:Infinity:19:64:19:Infinity":6,"s:17:6:19:24":15,"s:20:12:20:Infinity":16,"b:20:12:21:Infinity:21:7:21:Infinity":7,"s:20:12:21:Infinity":17,"b:20:12:20:Infinity:20:12:20:Infinity":8,"s:13:4:21:Infinity":18,"s:21:7:21:Infinity":19,"s:13:4:13:Infinity":20,"b:22:4:29:Infinity:29:3:29:Infinity":9,"s:22:4:29:Infinity":21,"b:22:4:22:Infinity:22:4:22:Infinity":10,"s:23:9:29:Infinity":22,"b:24:4:28:19:28:4:29:Infinity":11,"s:29:3:29:Infinity":23,"s:29:3:23:Infinity":24}}}
,"C:\\Users\\Lovro\\Documents\\Projects\\Algo_Trading\\frontend\\src\\features\\charts\\plugins\\sentimentHistogram.tsx": {"path":"C:\\Users\\Lovro\\Documents\\Projects\\Algo_Trading\\frontend\\src\\features\\charts\\plugins\\sentimentHistogram.tsx","statementMap":{"0":{"start":{"line":41,"column":16},"end":{"line":41,"column":65}},"1":{"start":{"line":42,"column":24},"end":{"line":42,"column":57}},"2":{"start":{"line":44,"column":2},"end":{"line":56,"column":null}},"3":{"start":{"line":45,"column":20},"end":{"line":45,"column":30}},"4":{"start":{"line":46,"column":4},"end":{"line":46,"column":null}},"5":{"start":{"line":46,"column":18},"end":{"line":46,"column":null}},"6":{"start":{"line":47,"column":16},"end":{"line":47,"column":60}},"7":{"start":{"line":48,"column":22},"end":{"line":48,"column":37}},"8":{"start":{"line":49,"column":4},"end":{"line":49,"column":null}},"9":{"start":{"line":49,"column":28},"end":{"line":49,"column":null}},"10":{"start":{"line":50,"column":4},"end":{"line":52,"column":null}},"11":{"start":{"line":51,"column":6},"end":{"line":51,"column":null}},"12":{"start":{"line":52,"column":6},"end":{"line":52,"column":null}},"13":{"start":{"line":54,"column":4},"end":{"line":54,"column":null}},"14":{"start":{"line":55,"column":4},"end":{"line":55,"column":null}},"15":{"start":{"line":56,"column":4},"end":{"line":56,"column":null}},"16":{"start":{"line":59,"column":17},"end":{"line":59,"column":44}},"17":{"start":{"line":60,"column":47},"end":{"line":60,"column":49}},"18":{"start":{"line":63,"column":4},"end":{"line":63,"column":null}},"19":{"start":{"line":65,"column":4},"end":{"line":67,"column":null}},"20":{"start":{"line":69,"column":2},"end":{"line":69,"column":null}},"21":{"start":{"line":69,"column":18},"end":{"line":69,"column":null}},"22":{"start":{"line":71,"column":17},"end":{"line":71,"column":36}},"23":{"start":{"line":72,"column":14},"end":{"line":72,"column":32}},"24":{"start":{"line":73,"column":2},"end":{"line":79,"column":null}},"25":{"start":{"line":74,"column":17},"end":{"line":74,"column":50}},"26":{"start":{"line":75,"column":14},"end":{"line":75,"column":29}},"27":{"start":{"line":76,"column":4},"end":{"line":78,"column":null}},"28":{"start":{"line":79,"column":4},"end":{"line":79,"column":null}},"29":{"start":{"line":82,"column":2},"end":{"line":82,"column":null}},"30":{"start":{"line":102,"column":18},"end":{"line":102,"column":null}},"31":{"start":{"line":103,"column":2},"end":{"line":128,"column":null}},"32":{"start":{"line":107,"column":18},"end":{"line":107,"column":46}},"33":{"start":{"line":107,"column":35},"end":{"line":107,"column":46}},"34":{"start":{"line":109,"column":20},"end":{"line":109,"column":43}},"35":{"start":{"line":110,"column":6},"end":{"line":110,"column":null}},"36":{"start":{"line":110,"column":26},"end":{"line":110,"column":null}},"37":{"start":{"line":111,"column":6},"end":{"line":126,"column":null}},"38":{"start":{"line":114,"column":25},"end":{"line":114,"column":64}},"39":{"start":{"line":115,"column":10},"end":{"line":123,"column":null}}},"fnMap":{"0":{"name":"aggregateSentimentByDay","decl":{"start":{"line":35,"column":16},"end":{"line":35,"column":40}},"loc":{"start":{"line":40,"column":35},"end":{"line":82,"column":null}},"line":40},"1":{"name":"sentimentArticlesPlugin","decl":{"start":{"line":97,"column":16},"end":{"line":97,"column":40}},"loc":{"start":{"line":100,"column":45},"end":{"line":128,"column":null}},"line":100},"2":{"name":"(anonymous_2)","decl":{"start":{"line":107,"column":4},"end":{"line":107,"column":18}},"loc":{"start":{"line":107,"column":18},"end":{"line":107,"column":46}},"line":107},"3":{"name":"(anonymous_3)","decl":{"start":{"line":107,"column":20},"end":{"line":107,"column":35}},"loc":{"start":{"line":107,"column":35},"end":{"line":107,"column":46}},"line":107},"4":{"name":"(anonymous_4)","decl":{"start":{"line":108,"column":4},"end":{"line":108,"column":20}},"loc":{"start":{"line":108,"column":33},"end":{"line":126,"column":null}},"line":108},"5":{"name":"(anonymous_5)","decl":{"start":{"line":113,"column":20},"end":{"line":113,"column":25}},"loc":{"start":{"line":113,"column":55},"end":{"line":123,"column":null}},"line":113}},"branchMap":{"0":{"loc":{"start":{"line":44,"column":18},"end":{"line":44,"column":32}},"type":"binary-expr","locations":[{"start":{"line":44,"column":18},"end":{"line":44,"column":30}},{"start":{"line":44,"column":30},"end":{"line":44,"column":32}}],"line":44},"1":{"loc":{"start":{"line":46,"column":4},"end":{"line":46,"column":null}},"type":"if","locations":[{"start":{"line":46,"column":4},"end":{"line":46,"column":null}},{"start":{},"end":{}}],"line":46},"2":{"loc":{"start":{"line":49,"column":4},"end":{"line":49,"column":null}},"type":"if","locations":[{"start":{"line":49,"column":4},"end":{"line":49,"column":null}},{"start":{},"end":{}}],"line":49},"3":{"loc":{"start":{"line":50,"column":4},"end":{"line":52,"column":null}},"type":"if","locations":[{"start":{"line":50,"column":4},"end":{"line":52,"column":null}},{"start":{},"end":{}}],"line":50},"4":{"loc":{"start":{"line":63,"column":4},"end":{"line":63,"column":null}},"type":"cond-expr","locations":[{"start":{"line":63,"column":79},"end":{"line":63,"column":98}},{"start":{"line":63,"column":98},"end":{"line":63,"column":null}}],"line":63},"5":{"loc":{"start":{"line":63,"column":4},"end":{"line":63,"column":79}},"type":"binary-expr","locations":[{"start":{"line":63,"column":4},"end":{"line":63,"column":26}},{"start":{"line":63,"column":26},"end":{"line":63,"column":44}},{"start":{"line":63,"column":44},"end":{"line":63,"column":79}}],"line":63},"6":{"loc":{"start":{"line":65,"column":4},"end":{"line":67,"column":null}},"type":"cond-expr","locations":[{"start":{"line":66,"column":8},"end":{"line":66,"column":null}},{"start":{"line":67,"column":8},"end":{"line":67,"column":null}}],"line":65},"7":{"loc":{"start":{"line":65,"column":4},"end":{"line":65,"column":null}},"type":"binary-expr","locations":[{"start":{"line":65,"column":4},"end":{"line":65,"column":24}},{"start":{"line":65,"column":24},"end":{"line":65,"column":42}},{"start":{"line":65,"column":42},"end":{"line":65,"column":null}}],"line":65},"8":{"loc":{"start":{"line":69,"column":2},"end":{"line":69,"column":null}},"type":"if","locations":[{"start":{"line":69,"column":2},"end":{"line":69,"column":null}},{"start":{},"end":{}}],"line":69},"9":{"loc":{"start":{"line":77,"column":6},"end":{"line":78,"column":5}},"type":"cond-expr","locations":[{"start":{"line":77,"column":10},"end":{"line":77,"column":79}},{"start":{"line":77,"column":79},"end":{"line":78,"column":5}}],"line":77},"10":{"loc":{"start":{"line":99,"column":2},"end":{"line":99,"column":null}},"type":"default-arg","locations":[{"start":{"line":99,"column":7},"end":{"line":99,"column":null}}],"line":99},"11":{"loc":{"start":{"line":110,"column":6},"end":{"line":110,"column":null}},"type":"if","locations":[{"start":{"line":110,"column":6},"end":{"line":110,"column":null}},{"start":{},"end":{}}],"line":110},"12":{"loc":{"start":{"line":118,"column":20},"end":{"line":118,"column":null}},"type":"binary-expr","locations":[{"start":{"line":118,"column":20},"end":{"line":118,"column":30}},{"start":{"line":118,"column":30},"end":{"line":118,"column":null}}],"line":118}},"s":{"0":11,"1":11,"2":11,"3":15,"4":15,"5":1,"6":14,"7":14,"8":14,"9":1,"10":13,"11":11,"12":11,"13":13,"14":13,"15":13,"16":11,"17":11,"18":11,"19":11,"20":11,"21":3,"22":8,"23":8,"24":8,"25":28,"26":28,"27":28,"28":28,"29":8,"30":0,"31":0,"32":0,"33":0,"34":0,"35":0,"36":0,"37":0,"38":0,"39":0},"f":{"0":11,"1":0,"2":0,"3":0,"4":0,"5":0},"b":{"0":[11,0],"1":[1,14],"2":[1,13],"3":[11,2],"4":[2,9],"5":[11,2,2],"6":[2,9],"7":[11,2,2],"8":[3,8],"9":[11,17],"10":[0],"11":[0,0],"12":[0,0]},"meta":{"lastBranch":13,"lastFunction":6,"lastStatement":40,"seen":{"f:35:16:35:40":0,"s:41:16:41:65":0,"s:42:24:42:57":1,"s:44:2:56:Infinity":2,"b:44:18:44:30:44:30:44:32":0,"s:45:20:45:30":3,"b:46:4:46:Infinity:undefined:undefined:undefined:undefined":1,"s:46:4:46:Infinity":4,"s:46:18:46:Infinity":5,"s:47:16:47:60":6,"s:48:22:48:37":7,"b:49:4:49:Infinity:undefined:undefined:undefined:undefined":2,"s:49:4:49:Infinity":8,"s:49:28:49:Infinity":9,"b:50:4:52:Infinity:undefined:undefined:undefined:undefined":3,"s:50:4:52:Infinity":10,"s:51:6:51:Infinity":11,"s:52:6:52:Infinity":12,"s:54:4:54:Infinity":13,"s:55:4:55:Infinity":14,"s:56:4:56:Infinity":15,"s:59:17:59:44":16,"s:60:47:60:49":17,"s:63:4:63:Infinity":18,"b:63:79:63:98:63:98:63:Infinity":4,"b:63:4:63:26:63:26:63:44:63:44:63:79":5,"s:65:4:67:Infinity":19,"b:66:8:66:Infinity:67:8:67:Infinity":6,"b:65:4:65:24:65:24:65:42:65:42:65:Infinity":7,"b:69:2:69:Infinity:undefined:undefined:undefined:undefined":8,"s:69:2:69:Infinity":20,"s:69:18:69:Infinity":21,"s:71:17:71:36":22,"s:72:14:72:32":23,"s:73:2:79:Infinity":24,"s:74:17:74:50":25,"s:75:14:75:29":26,"s:76:4:78:Infinity":27,"b:77:10:77:79:77:79:78:5":9,"s:79:4:79:Infinity":28,"s:82:2:82:Infinity":29,"f:97:16:97:40":1,"b:99:7:99:Infinity":10,"s:102:18:102:Infinity":30,"s:103:2:128:Infinity":31,"f:107:4:107:18":2,"s:107:18:107:46":32,"f:107:20:107:35":3,"s:107:35:107:46":33,"f:108:4:108:20":4,"s:109:20:109:43":34,"b:110:6:110:Infinity:undefined:undefined:undefined:undefined":11,"s:110:6:110:Infinity":35,"s:110:26:110:Infinity":36,"s:111:6:126:Infinity":37,"f:113:20:113:25":5,"s:114:25:114:64":38,"s:115:10:123:Infinity":39,"b:118:20:118:30:118:30:118:Infinity":12}}}
,"C:\\Users\\Lovro\\Documents\\Projects\\Algo_Trading\\frontend\\src\\features\\charts\\utils\\colors.ts": {"path":"C:\\Users\\Lovro\\Documents\\Projects\\Algo_Trading\\frontend\\src\\features\\charts\\utils\\colors.ts","statementMap":{"0":{"start":{"line":4,"column":2},"end":{"line":4,"column":null}},"1":{"start":{"line":4,"column":45},"end":{"line":4,"column":null}},"2":{"start":{"line":5,"column":2},"end":{"line":5,"column":null}},"3":{"start":{"line":5,"column":20},"end":{"line":5,"column":null}},"4":{"start":{"line":6,"column":2},"end":{"line":6,"column":null}},"5":{"start":{"line":6,"column":21},"end":{"line":6,"column":null}},"6":{"start":{"line":7,"column":2},"end":{"line":7,"column":null}},"7":{"start":{"line":11,"column":18},"end":{"line":11,"column":50}},"8":{"start":{"line":12,"column":40},"end":{"line":12,"column":null}},"9":{"start":{"line":13,"column":42},"end":{"line":13,"column":null}},"10":{"start":{"line":14,"column":42},"end":{"line":14,"column":null}},"11":{"start":{"line":15,"column":24},"end":{"line":15,"column":null}},"12":{"start":{"line":16,"column":12},"end":{"line":16,"column":55}},"13":{"start":{"line":17,"column":12},"end":{"line":17,"column":55}},"14":{"start":{"line":18,"column":12},"end":{"line":18,"column":55}},"15":{"start":{"line":19,"column":2},"end":{"line":19,"column":null}}},"fnMap":{"0":{"name":"sentimentScoreStyle","decl":{"start":{"line":3,"column":16},"end":{"line":3,"column":36}},"loc":{"start":{"line":3,"column":86},"end":{"line":7,"column":null}},"line":3},"1":{"name":"sentimentToColor","decl":{"start":{"line":10,"column":16},"end":{"line":10,"column":33}},"loc":{"start":{"line":10,"column":56},"end":{"line":19,"column":null}},"line":10}},"branchMap":{"0":{"loc":{"start":{"line":4,"column":2},"end":{"line":4,"column":null}},"type":"if","locations":[{"start":{"line":4,"column":2},"end":{"line":4,"column":null}},{"start":{},"end":{}}],"line":4},"1":{"loc":{"start":{"line":4,"column":6},"end":{"line":4,"column":45}},"type":"binary-expr","locations":[{"start":{"line":4,"column":6},"end":{"line":4,"column":24}},{"start":{"line":4,"column":24},"end":{"line":4,"column":45}}],"line":4},"2":{"loc":{"start":{"line":5,"column":2},"end":{"line":5,"column":null}},"type":"if","locations":[{"start":{"line":5,"column":2},"end":{"line":5,"column":null}},{"start":{},"end":{}}],"line":5},"3":{"loc":{"start":{"line":6,"column":2},"end":{"line":6,"column":null}},"type":"if","locations":[{"start":{"line":6,"column":2},"end":{"line":6,"column":null}},{"start":{},"end":{}}],"line":6},"4":{"loc":{"start":{"line":15,"column":24},"end":{"line":15,"column":null}},"type":"cond-expr","locations":[{"start":{"line":15,"column":38},"end":{"line":15,"column":66}},{"start":{"line":15,"column":66},"end":{"line":15,"column":null}}],"line":15}},"s":{"0":9,"1":2,"2":7,"3":7,"4":5,"5":5,"6":3,"7":21,"8":21,"9":21,"10":21,"11":21,"12":21,"13":21,"14":21,"15":21},"f":{"0":9,"1":21},"b":{"0":[2,7],"1":[9,8],"2":[2,5],"3":[2,3],"4":[8,13]},"meta":{"lastBranch":5,"lastFunction":2,"lastStatement":16,"seen":{"f:3:16:3:36":0,"b:4:2:4:Infinity:undefined:undefined:undefined:undefined":0,"s:4:2:4:Infinity":0,"b:4:6:4:24:4:24:4:45":1,"s:4:45:4:Infinity":1,"b:5:2:5:Infinity:undefined:undefined:undefined:undefined":2,"s:5:2:5:Infinity":2,"s:5:20:5:Infinity":3,"b:6:2:6:Infinity:undefined:undefined:undefined:undefined":3,"s:6:2:6:Infinity":4,"s:6:21:6:Infinity":5,"s:7:2:7:Infinity":6,"f:10:16:10:33":1,"s:11:18:11:50":7,"s:12:40:12:Infinity":8,"s:13:42:13:Infinity":9,"s:14:42:14:Infinity":10,"s:15:24:15:Infinity":11,"b:15:38:15:66:15:66:15:Infinity":4,"s:16:12:16:55":12,"s:17:12:17:55":13,"s:18:12:18:55":14,"s:19:2:19:Infinity":15}}}
,"C:\\Users\\Lovro\\Documents\\Projects\\Algo_Trading\\frontend\\src\\features\\charts\\utils\\dates.ts": {"path":"C:\\Users\\Lovro\\Documents\\Projects\\Algo_Trading\\frontend\\src\\features\\charts\\utils\\dates.ts","statementMap":{"0":{"start":{"line":2,"column":14},"end":{"line":2,"column":41}},"1":{"start":{"line":3,"column":8},"end":{"line":13,"column":18}},"2":{"start":{"line":4,"column":4},"end":{"line":13,"column":18}},"3":{"start":{"line":14,"column":8},"end":{"line":18,"column":null}},"4":{"start":{"line":15,"column":25},"end":{"line":15,"column":38}},"5":{"start":{"line":16,"column":23},"end":{"line":16,"column":38}},"6":{"start":{"line":17,"column":24},"end":{"line":17,"column":39}},"7":{"start":{"line":18,"column":4},"end":{"line":18,"column":null}},"8":{"start":{"line":20,"column":2},"end":{"line":20,"column":null}},"9":{"start":{"line":24,"column":2},"end":{"line":24,"column":null}},"10":{"start":{"line":30,"column":12},"end":{"line":30,"column":22}},"11":{"start":{"line":31,"column":2},"end":{"line":31,"column":null}},"12":{"start":{"line":32,"column":12},"end":{"line":32,"column":27}},"13":{"start":{"line":33,"column":12},"end":{"line":33,"column":53}},"14":{"start":{"line":34,"column":14},"end":{"line":34,"column":50}},"15":{"start":{"line":35,"column":2},"end":{"line":35,"column":null}},"16":{"start":{"line":39,"column":2},"end":{"line":39,"column":null}}},"fnMap":{"0":{"name":"getTzOffsetSeconds","decl":{"start":{"line":1,"column":16},"end":{"line":1,"column":35}},"loc":{"start":{"line":1,"column":87},"end":{"line":20,"column":null}},"line":1},"1":{"name":"(anonymous_1)","decl":{"start":{"line":3,"column":8},"end":{"line":3,"column":15}},"loc":{"start":{"line":4,"column":4},"end":{"line":13,"column":18}},"line":4},"2":{"name":"(anonymous_2)","decl":{"start":{"line":14,"column":8},"end":{"line":14,"column":17}},"loc":{"start":{"line":14,"column":31},"end":{"line":18,"column":null}},"line":14},"3":{"name":"toTzTime","decl":{"start":{"line":23,"column":16},"end":{"line":23,"column":25}},"loc":{"start":{"line":23,"column":74},"end":{"line":24,"column":null}},"line":23},"4":{"name":"daysAgoString","decl":{"start":{"line":29,"column":16},"end":{"line":29,"column":30}},"loc":{"start":{"line":29,"column":52},"end":{"line":35,"column":null}},"line":29},"5":{"name":"todayString","decl":{"start":{"line":38,"column":16},"end":{"line":38,"column":38}},"loc":{"start":{"line":38,"column":38},"end":{"line":39,"column":null}},"line":38}},"branchMap":{"0":{"loc":{"start":{"line":2,"column":14},"end":{"line":2,"column":41}},"type":"binary-expr","locations":[{"start":{"line":2,"column":14},"end":{"line":2,"column":31}},{"start":{"line":2,"column":31},"end":{"line":2,"column":41}}],"line":2}},"s":{"0":4,"1":4,"2":8,"3":4,"4":8,"5":8,"6":8,"7":8,"8":4,"9":3,"10":4,"11":4,"12":4,"13":4,"14":4,"15":4,"16":0},"f":{"0":4,"1":8,"2":8,"3":3,"4":4,"5":0},"b":{"0":[4,2]},"meta":{"lastBranch":1,"lastFunction":6,"lastStatement":17,"seen":{"f:1:16:1:35":0,"s:2:14:2:41":0,"b:2:14:2:31:2:31:2:41":0,"s:3:8:13:18":1,"f:3:8:3:15":1,"s:4:4:13:18":2,"s:14:8:18:Infinity":3,"f:14:8:14:17":2,"s:15:25:15:38":4,"s:16:23:16:38":5,"s:17:24:17:39":6,"s:18:4:18:Infinity":7,"s:20:2:20:Infinity":8,"f:23:16:23:25":3,"s:24:2:24:Infinity":9,"f:29:16:29:30":4,"s:30:12:30:22":10,"s:31:2:31:Infinity":11,"s:32:12:32:27":12,"s:33:12:33:53":13,"s:34:14:34:50":14,"s:35:2:35:Infinity":15,"f:38:16:38:38":5,"s:39:2:39:Infinity":16}}}
,"C:\\Users\\Lovro\\Documents\\Projects\\Algo_Trading\\frontend\\src\\features\\charts\\utils\\markers.ts": {"path":"C:\\Users\\Lovro\\Documents\\Projects\\Algo_Trading\\frontend\\src\\features\\charts\\utils\\markers.ts","statementMap":{"0":{"start":{"line":13,"column":56},"end":{"line":17,"column":null}},"1":{"start":{"line":19,"column":54},"end":{"line":19,"column":null}},"2":{"start":{"line":21,"column":59},"end":{"line":27,"column":null}},"3":{"start":{"line":29,"column":6},"end":{"line":29,"column":null}},"4":{"start":{"line":29,"column":42},"end":{"line":29,"column":null}},"5":{"start":{"line":30,"column":6},"end":{"line":30,"column":73}},"6":{"start":{"line":30,"column":32},"end":{"line":30,"column":73}},"7":{"start":{"line":33,"column":2},"end":{"line":33,"column":null}},"8":{"start":{"line":33,"column":40},"end":{"line":33,"column":81}},"9":{"start":{"line":44,"column":2},"end":{"line":44,"column":null}},"10":{"start":{"line":44,"column":17},"end":{"line":44,"column":null}},"11":{"start":{"line":45,"column":65},"end":{"line":45,"column":null}},"12":{"start":{"line":46,"column":16},"end":{"line":46,"column":48}},"13":{"start":{"line":47,"column":14},"end":{"line":47,"column":44}},"14":{"start":{"line":48,"column":2},"end":{"line":72,"column":null}},"15":{"start":{"line":72,"column":20},"end":{"line":72,"column":52}},"16":{"start":{"line":87,"column":2},"end":{"line":87,"column":null}},"17":{"start":{"line":87,"column":22},"end":{"line":87,"column":null}},"18":{"start":{"line":88,"column":16},"end":{"line":88,"column":41}},"19":{"start":{"line":89,"column":2},"end":{"line":92,"column":null}},"20":{"start":{"line":90,"column":18},"end":{"line":90,"column":70}},"21":{"start":{"line":91,"column":4},"end":{"line":91,"column":null}},"22":{"start":{"line":91,"column":15},"end":{"line":91,"column":null}},"23":{"start":{"line":92,"column":4},"end":{"line":92,"column":null}},"24":{"start":{"line":94,"column":2},"end":{"line":96,"column":null}},"25":{"start":{"line":95,"column":29},"end":{"line":95,"column":105}},"26":{"start":{"line":100,"column":2},"end":{"line":100,"column":null}},"27":{"start":{"line":100,"column":25},"end":{"line":100,"column":null}},"28":{"start":{"line":101,"column":16},"end":{"line":101,"column":70}},"29":{"start":{"line":102,"column":2},"end":{"line":112,"column":null}},"30":{"start":{"line":103,"column":23},"end":{"line":103,"column":null}},"31":{"start":{"line":104,"column":4},"end":{"line":104,"column":null}},"32":{"start":{"line":104,"column":20},"end":{"line":104,"column":null}},"33":{"start":{"line":105,"column":17},"end":{"line":105,"column":39}},"34":{"start":{"line":106,"column":16},"end":{"line":106,"column":null}},"35":{"start":{"line":107,"column":15},"end":{"line":107,"column":30}},"36":{"start":{"line":108,"column":4},"end":{"line":112,"column":null}},"37":{"start":{"line":109,"column":6},"end":{"line":109,"column":null}},"38":{"start":{"line":111,"column":6},"end":{"line":111,"column":null}},"39":{"start":{"line":111,"column":89},"end":{"line":111,"column":null}},"40":{"start":{"line":112,"column":6},"end":{"line":112,"column":null}},"41":{"start":{"line":115,"column":2},"end":{"line":123,"column":null}},"42":{"start":{"line":116,"column":43},"end":{"line":122,"column":7}},"43":{"start":{"line":127,"column":2},"end":{"line":127,"column":null}},"44":{"start":{"line":127,"column":22},"end":{"line":127,"column":null}},"45":{"start":{"line":128,"column":19},"end":{"line":131,"column":18}},"46":{"start":{"line":129,"column":14},"end":{"line":129,"column":57}},"47":{"start":{"line":130,"column":4},"end":{"line":130,"column":null}},"48":{"start":{"line":132,"column":15},"end":{"line":132,"column":40}},"49":{"start":{"line":133,"column":2},"end":{"line":136,"column":null}},"50":{"start":{"line":134,"column":17},"end":{"line":134,"column":46}},"51":{"start":{"line":135,"column":4},"end":{"line":135,"column":null}},"52":{"start":{"line":135,"column":34},"end":{"line":135,"column":null}},"53":{"start":{"line":136,"column":4},"end":{"line":136,"column":null}},"54":{"start":{"line":136,"column":25},"end":{"line":136,"column":null}},"55":{"start":{"line":138,"column":2},"end":{"line":146,"column":null}},"56":{"start":{"line":139,"column":25},"end":{"line":145,"column":7}},"57":{"start":{"line":150,"column":12},"end":{"line":150,"column":29}},"58":{"start":{"line":151,"column":2},"end":{"line":154,"column":null}},"59":{"start":{"line":151,"column":15},"end":{"line":151,"column":18}},"60":{"start":{"line":152,"column":16},"end":{"line":152,"column":44}},"61":{"start":{"line":153,"column":4},"end":{"line":153,"column":null}},"62":{"start":{"line":153,"column":32},"end":{"line":153,"column":null}},"63":{"start":{"line":154,"column":4},"end":{"line":154,"column":null}},"64":{"start":{"line":156,"column":2},"end":{"line":156,"column":null}},"65":{"start":{"line":164,"column":2},"end":{"line":164,"column":null}},"66":{"start":{"line":164,"column":25},"end":{"line":164,"column":null}},"67":{"start":{"line":165,"column":24},"end":{"line":165,"column":103}},"68":{"start":{"line":165,"column":58},"end":{"line":165,"column":101}},"69":{"start":{"line":166,"column":19},"end":{"line":166,"column":79}},"70":{"start":{"line":167,"column":15},"end":{"line":167,"column":32}},"71":{"start":{"line":169,"column":2},"end":{"line":184,"column":null}},"72":{"start":{"line":170,"column":4},"end":{"line":170,"column":null}},"73":{"start":{"line":170,"column":63},"end":{"line":170,"column":null}},"74":{"start":{"line":171,"column":4},"end":{"line":171,"column":null}},"75":{"start":{"line":172,"column":15},"end":{"line":172,"column":null}},"76":{"start":{"line":173,"column":19},"end":{"line":177,"column":19}},"77":{"start":{"line":178,"column":18},"end":{"line":178,"column":null}},"78":{"start":{"line":179,"column":4},"end":{"line":179,"column":null}},"79":{"start":{"line":179,"column":24},"end":{"line":179,"column":null}},"80":{"start":{"line":180,"column":4},"end":{"line":180,"column":null}},"81":{"start":{"line":180,"column":31},"end":{"line":180,"column":null}},"82":{"start":{"line":181,"column":14},"end":{"line":181,"column":34}},"83":{"start":{"line":182,"column":4},"end":{"line":184,"column":null}},"84":{"start":{"line":182,"column":22},"end":{"line":182,"column":null}},"85":{"start":{"line":183,"column":13},"end":{"line":184,"column":null}},"86":{"start":{"line":183,"column":28},"end":{"line":183,"column":null}},"87":{"start":{"line":184,"column":9},"end":{"line":184,"column":null}},"88":{"start":{"line":187,"column":20},"end":{"line":187,"column":98}},"89":{"start":{"line":188,"column":2},"end":{"line":196,"column":null}},"90":{"start":{"line":189,"column":19},"end":{"line":189,"column":null}},"91":{"start":{"line":190,"column":4},"end":{"line":190,"column":null}},"92":{"start":{"line":190,"column":17},"end":{"line":190,"column":null}},"93":{"start":{"line":191,"column":4},"end":{"line":191,"column":null}},"94":{"start":{"line":191,"column":32},"end":{"line":191,"column":null}},"95":{"start":{"line":192,"column":14},"end":{"line":192,"column":35}},"96":{"start":{"line":193,"column":4},"end":{"line":193,"column":null}},"97":{"start":{"line":194,"column":4},"end":{"line":194,"column":null}},"98":{"start":{"line":195,"column":4},"end":{"line":195,"column":null}},"99":{"start":{"line":196,"column":4},"end":{"line":196,"column":null}},"100":{"start":{"line":196,"column":27},"end":{"line":196,"column":null}},"101":{"start":{"line":199,"column":2},"end":{"line":238,"column":null}},"102":{"start":{"line":201,"column":16},"end":{"line":201,"column":null}},"103":{"start":{"line":202,"column":6},"end":{"line":236,"column":null}},"104":{"start":{"line":259,"column":6},"end":{"line":259,"column":null}},"105":{"start":{"line":260,"column":2},"end":{"line":283,"column":null}},"106":{"start":{"line":287,"column":12},"end":{"line":287,"column":46}},"107":{"start":{"line":288,"column":2},"end":{"line":288,"column":null}},"108":{"start":{"line":288,"column":10},"end":{"line":288,"column":null}},"109":{"start":{"line":289,"column":2},"end":{"line":289,"column":null}},"110":{"start":{"line":299,"column":8},"end":{"line":299,"column":65}},"111":{"start":{"line":299,"column":29},"end":{"line":299,"column":65}},"112":{"start":{"line":301,"column":24},"end":{"line":313,"column":null}},"113":{"start":{"line":302,"column":19},"end":{"line":302,"column":73}},"114":{"start":{"line":304,"column":22},"end":{"line":304,"column":null}},"115":{"start":{"line":305,"column":6},"end":{"line":312,"column":null}},"116":{"start":{"line":322,"column":8},"end":{"line":322,"column":10}},"117":{"start":{"line":324,"column":2},"end":{"line":347,"column":null}},"118":{"start":{"line":325,"column":4},"end":{"line":332,"column":null}},"119":{"start":{"line":333,"column":20},"end":{"line":333,"column":62}},"120":{"start":{"line":334,"column":20},"end":{"line":334,"column":null}},"121":{"start":{"line":335,"column":4},"end":{"line":347,"column":null}},"122":{"start":{"line":336,"column":22},"end":{"line":336,"column":64}},"123":{"start":{"line":337,"column":20},"end":{"line":337,"column":79}},"124":{"start":{"line":338,"column":25},"end":{"line":338,"column":null}},"125":{"start":{"line":339,"column":6},"end":{"line":347,"column":null}},"126":{"start":{"line":340,"column":8},"end":{"line":347,"column":null}},"127":{"start":{"line":352,"column":2},"end":{"line":355,"column":null}},"128":{"start":{"line":354,"column":56},"end":{"line":354,"column":null}}},"fnMap":{"0":{"name":"(anonymous_0)","decl":{"start":{"line":29,"column":6},"end":{"line":29,"column":16}},"loc":{"start":{"line":29,"column":42},"end":{"line":29,"column":null}},"line":29},"1":{"name":"(anonymous_1)","decl":{"start":{"line":30,"column":6},"end":{"line":30,"column":15}},"loc":{"start":{"line":30,"column":32},"end":{"line":30,"column":73}},"line":30},"2":{"name":"dedupeMarkers","decl":{"start":{"line":32,"column":16},"end":{"line":32,"column":30}},"loc":{"start":{"line":32,"column":59},"end":{"line":33,"column":null}},"line":32},"3":{"name":"(anonymous_3)","decl":{"start":{"line":33,"column":29},"end":{"line":33,"column":34}},"loc":{"start":{"line":33,"column":40},"end":{"line":33,"column":81}},"line":33},"4":{"name":"buildMarkers","decl":{"start":{"line":43,"column":16},"end":{"line":43,"column":29}},"loc":{"start":{"line":43,"column":99},"end":{"line":72,"column":null}},"line":43},"5":{"name":"(anonymous_5)","decl":{"start":{"line":72,"column":5},"end":{"line":72,"column":11}},"loc":{"start":{"line":72,"column":20},"end":{"line":72,"column":52}},"line":72},"6":{"name":"buildCountMarkers","decl":{"start":{"line":83,"column":16},"end":{"line":83,"column":null}},"loc":{"start":{"line":86,"column":12},"end":{"line":96,"column":null}},"line":86},"7":{"name":"(anonymous_7)","decl":{"start":{"line":95,"column":5},"end":{"line":95,"column":10}},"loc":{"start":{"line":95,"column":29},"end":{"line":95,"column":105}},"line":95},"8":{"name":"buildNvdMarkers","decl":{"start":{"line":99,"column":16},"end":{"line":99,"column":32}},"loc":{"start":{"line":99,"column":90},"end":{"line":123,"column":null}},"line":99},"9":{"name":"(anonymous_9)","decl":{"start":{"line":116,"column":5},"end":{"line":116,"column":10}},"loc":{"start":{"line":116,"column":43},"end":{"line":122,"column":7}},"line":116},"10":{"name":"buildTrumpMarkers","decl":{"start":{"line":126,"column":16},"end":{"line":126,"column":34}},"loc":{"start":{"line":126,"column":100},"end":{"line":146,"column":null}},"line":126},"11":{"name":"(anonymous_11)","decl":{"start":{"line":128,"column":26},"end":{"line":128,"column":34}},"loc":{"start":{"line":128,"column":45},"end":{"line":131,"column":18}},"line":128},"12":{"name":"(anonymous_12)","decl":{"start":{"line":139,"column":5},"end":{"line":139,"column":10}},"loc":{"start":{"line":139,"column":25},"end":{"line":145,"column":7}},"line":139},"13":{"name":"nextTradingDate","decl":{"start":{"line":149,"column":9},"end":{"line":149,"column":25}},"loc":{"start":{"line":149,"column":85},"end":{"line":156,"column":null}},"line":149},"14":{"name":"buildNewsMarkers","decl":{"start":{"line":159,"column":16},"end":{"line":159,"column":null}},"loc":{"start":{"line":163,"column":12},"end":{"line":238,"column":null}},"line":163},"15":{"name":"(anonymous_15)","decl":{"start":{"line":165,"column":47},"end":{"line":165,"column":52}},"loc":{"start":{"line":165,"column":58},"end":{"line":165,"column":101}},"line":165},"16":{"name":"(anonymous_16)","decl":{"start":{"line":200,"column":5},"end":{"line":200,"column":14}},"loc":{"start":{"line":200,"column":53},"end":{"line":237,"column":null}},"line":200},"17":{"name":"buildOverlayMarkers","decl":{"start":{"line":241,"column":16},"end":{"line":241,"column":null}},"loc":{"start":{"line":246,"column":12},"end":{"line":283,"column":null}},"line":246},"18":{"name":"parseMarkerTime","decl":{"start":{"line":286,"column":9},"end":{"line":286,"column":25}},"loc":{"start":{"line":286,"column":57},"end":{"line":289,"column":null}},"line":286},"19":{"name":"syncIntradayMarkers","decl":{"start":{"line":292,"column":16},"end":{"line":292,"column":null}},"loc":{"start":{"line":298,"column":2},"end":{"line":355,"column":null}},"line":298},"20":{"name":"(anonymous_20)","decl":{"start":{"line":299,"column":8},"end":{"line":299,"column":13}},"loc":{"start":{"line":299,"column":29},"end":{"line":299,"column":65}},"line":299},"21":{"name":"(anonymous_21)","decl":{"start":{"line":302,"column":5},"end":{"line":302,"column":13}},"loc":{"start":{"line":302,"column":19},"end":{"line":302,"column":73}},"line":302},"22":{"name":"(anonymous_22)","decl":{"start":{"line":303,"column":5},"end":{"line":303,"column":10}},"loc":{"start":{"line":303,"column":16},"end":{"line":313,"column":null}},"line":303},"23":{"name":"(anonymous_23)","decl":{"start":{"line":354,"column":40},"end":{"line":354,"column":46}},"loc":{"start":{"line":354,"column":56},"end":{"line":354,"column":null}},"line":354}},"branchMap":{"0":{"loc":{"start":{"line":29,"column":42},"end":{"line":29,"column":null}},"type":"cond-expr","locations":[{"start":{"line":29,"column":60},"end":{"line":29,"column":65}},{"start":{"line":29,"column":65},"end":{"line":29,"column":null}}],"line":29},"1":{"loc":{"start":{"line":44,"column":2},"end":{"line":44,"column":null}},"type":"if","locations":[{"start":{"line":44,"column":2},"end":{"line":44,"column":null}},{"start":{},"end":{}}],"line":44},"2":{"loc":{"start":{"line":46,"column":16},"end":{"line":46,"column":48}},"type":"binary-expr","locations":[{"start":{"line":46,"column":16},"end":{"line":46,"column":25}},{"start":{"line":46,"column":16},"end":{"line":46,"column":48}}],"line":46},"3":{"loc":{"start":{"line":47,"column":14},"end":{"line":47,"column":44}},"type":"binary-expr","locations":[{"start":{"line":47,"column":14},"end":{"line":47,"column":23}},{"start":{"line":47,"column":14},"end":{"line":47,"column":44}}],"line":47},"4":{"loc":{"start":{"line":49,"column":4},"end":{"line":55,"column":null}},"type":"binary-expr","locations":[{"start":{"line":49,"column":4},"end":{"line":49,"column":18}},{"start":{"line":49,"column":18},"end":{"line":55,"column":null}}],"line":49},"5":{"loc":{"start":{"line":56,"column":4},"end":{"line":62,"column":null}},"type":"binary-expr","locations":[{"start":{"line":56,"column":4},"end":{"line":56,"column":23}},{"start":{"line":56,"column":23},"end":{"line":62,"column":null}}],"line":56},"6":{"loc":{"start":{"line":63,"column":4},"end":{"line":68,"column":null}},"type":"binary-expr","locations":[{"start":{"line":63,"column":4},"end":{"line":63,"column":23}},{"start":{"line":63,"column":23},"end":{"line":68,"column":null}}],"line":63},"7":{"loc":{"start":{"line":87,"column":2},"end":{"line":87,"column":null}},"type":"if","locations":[{"start":{"line":87,"column":2},"end":{"line":87,"column":null}},{"start":{},"end":{}}],"line":87},"8":{"loc":{"start":{"line":91,"column":4},"end":{"line":91,"column":null}},"type":"if","locations":[{"start":{"line":91,"column":4},"end":{"line":91,"column":null}},{"start":{},"end":{}}],"line":91},"9":{"loc":{"start":{"line":92,"column":21},"end":{"line":92,"column":45}},"type":"binary-expr","locations":[{"start":{"line":92,"column":21},"end":{"line":92,"column":36}},{"start":{"line":92,"column":40},"end":{"line":92,"column":45}}],"line":92},"10":{"loc":{"start":{"line":100,"column":2},"end":{"line":100,"column":null}},"type":"if","locations":[{"start":{"line":100,"column":2},"end":{"line":100,"column":null}},{"start":{},"end":{}}],"line":100},"11":{"loc":{"start":{"line":104,"column":4},"end":{"line":104,"column":null}},"type":"if","locations":[{"start":{"line":104,"column":4},"end":{"line":104,"column":null}},{"start":{},"end":{}}],"line":104},"12":{"loc":{"start":{"line":106,"column":16},"end":{"line":106,"column":null}},"type":"binary-expr","locations":[{"start":{"line":106,"column":16},"end":{"line":106,"column":30}},{"start":{"line":106,"column":30},"end":{"line":106,"column":null}}],"line":106},"13":{"loc":{"start":{"line":108,"column":4},"end":{"line":112,"column":null}},"type":"if","locations":[{"start":{"line":108,"column":4},"end":{"line":112,"column":null}},{"start":{"line":110,"column":11},"end":{"line":112,"column":null}}],"line":108},"14":{"loc":{"start":{"line":111,"column":6},"end":{"line":111,"column":null}},"type":"if","locations":[{"start":{"line":111,"column":6},"end":{"line":111,"column":null}},{"start":{},"end":{}}],"line":111},"15":{"loc":{"start":{"line":111,"column":11},"end":{"line":111,"column":47}},"type":"binary-expr","locations":[{"start":{"line":111,"column":11},"end":{"line":111,"column":41}},{"start":{"line":111,"column":41},"end":{"line":111,"column":47}}],"line":111},"16":{"loc":{"start":{"line":111,"column":47},"end":{"line":111,"column":89}},"type":"binary-expr","locations":[{"start":{"line":111,"column":47},"end":{"line":111,"column":85}},{"start":{"line":111,"column":85},"end":{"line":111,"column":89}}],"line":111},"17":{"loc":{"start":{"line":119,"column":13},"end":{"line":119,"column":null}},"type":"binary-expr","locations":[{"start":{"line":119,"column":13},"end":{"line":119,"column":46}},{"start":{"line":119,"column":46},"end":{"line":119,"column":null}}],"line":119},"18":{"loc":{"start":{"line":121,"column":26},"end":{"line":121,"column":null}},"type":"cond-expr","locations":[{"start":{"line":121,"column":38},"end":{"line":121,"column":53}},{"start":{"line":121,"column":53},"end":{"line":121,"column":null}}],"line":121},"19":{"loc":{"start":{"line":127,"column":2},"end":{"line":127,"column":null}},"type":"if","locations":[{"start":{"line":127,"column":2},"end":{"line":127,"column":null}},{"start":{},"end":{}}],"line":127},"20":{"loc":{"start":{"line":130,"column":11},"end":{"line":130,"column":null}},"type":"cond-expr","locations":[{"start":{"line":130,"column":21},"end":{"line":130,"column":25}},{"start":{"line":130,"column":25},"end":{"line":130,"column":null}}],"line":130},"21":{"loc":{"start":{"line":135,"column":4},"end":{"line":135,"column":null}},"type":"if","locations":[{"start":{"line":135,"column":4},"end":{"line":135,"column":null}},{"start":{},"end":{}}],"line":135},"22":{"loc":{"start":{"line":135,"column":8},"end":{"line":135,"column":34}},"type":"binary-expr","locations":[{"start":{"line":135,"column":8},"end":{"line":135,"column":17}},{"start":{"line":135,"column":17},"end":{"line":135,"column":34}}],"line":135},"23":{"loc":{"start":{"line":136,"column":4},"end":{"line":136,"column":null}},"type":"if","locations":[{"start":{"line":136,"column":4},"end":{"line":136,"column":null}},{"start":{},"end":{}}],"line":136},"24":{"loc":{"start":{"line":136,"column":40},"end":{"line":136,"column":68}},"type":"binary-expr","locations":[{"start":{"line":136,"column":40},"end":{"line":136,"column":58}},{"start":{"line":136,"column":58},"end":{"line":136,"column":68}}],"line":136},"25":{"loc":{"start":{"line":142,"column":13},"end":{"line":142,"column":null}},"type":"binary-expr","locations":[{"start":{"line":142,"column":13},"end":{"line":142,"column":36}},{"start":{"line":142,"column":36},"end":{"line":142,"column":null}}],"line":142},"26":{"loc":{"start":{"line":153,"column":4},"end":{"line":153,"column":null}},"type":"if","locations":[{"start":{"line":153,"column":4},"end":{"line":153,"column":null}},{"start":{},"end":{}}],"line":153},"27":{"loc":{"start":{"line":164,"column":2},"end":{"line":164,"column":null}},"type":"if","locations":[{"start":{"line":164,"column":2},"end":{"line":164,"column":null}},{"start":{},"end":{}}],"line":164},"28":{"loc":{"start":{"line":165,"column":33},"end":{"line":165,"column":45}},"type":"binary-expr","locations":[{"start":{"line":165,"column":33},"end":{"line":165,"column":43}},{"start":{"line":165,"column":43},"end":{"line":165,"column":45}}],"line":165},"29":{"loc":{"start":{"line":170,"column":4},"end":{"line":170,"column":null}},"type":"if","locations":[{"start":{"line":170,"column":4},"end":{"line":170,"column":null}},{"start":{},"end":{}}],"line":170},"30":{"loc":{"start":{"line":170,"column":8},"end":{"line":170,"column":61}},"type":"binary-expr","locations":[{"start":{"line":170,"column":8},"end":{"line":170,"column":34}},{"start":{"line":170,"column":34},"end":{"line":170,"column":45}},{"start":{"line":170,"column":45},"end":{"line":170,"column":61}}],"line":170},"31":{"loc":{"start":{"line":174,"column":6},"end":{"line":174,"column":null}},"type":"cond-expr","locations":[{"start":{"line":174,"column":82},"end":{"line":174,"column":102}},{"start":{"line":174,"column":102},"end":{"line":174,"column":null}}],"line":174},"32":{"loc":{"start":{"line":174,"column":6},"end":{"line":174,"column":79}},"type":"binary-expr","locations":[{"start":{"line":174,"column":6},"end":{"line":174,"column":33}},{"start":{"line":174,"column":33},"end":{"line":174,"column":59}},{"start":{"line":174,"column":59},"end":{"line":174,"column":79}}],"line":174},"33":{"loc":{"start":{"line":178,"column":18},"end":{"line":178,"column":null}},"type":"binary-expr","locations":[{"start":{"line":178,"column":18},"end":{"line":178,"column":51}},{"start":{"line":178,"column":51},"end":{"line":178,"column":null}}],"line":178},"34":{"loc":{"start":{"line":179,"column":4},"end":{"line":179,"column":null}},"type":"if","locations":[{"start":{"line":179,"column":4},"end":{"line":179,"column":null}},{"start":{},"end":{}}],"line":179},"35":{"loc":{"start":{"line":180,"column":4},"end":{"line":180,"column":null}},"type":"if","locations":[{"start":{"line":180,"column":4},"end":{"line":180,"column":null}},{"start":{},"end":{}}],"line":180},"36":{"loc":{"start":{"line":182,"column":4},"end":{"line":184,"column":null}},"type":"if","locations":[{"start":{"line":182,"column":4},"end":{"line":184,"column":null}},{"start":{"line":183,"column":13},"end":{"line":184,"column":null}}],"line":182},"37":{"loc":{"start":{"line":183,"column":13},"end":{"line":184,"column":null}},"type":"if","locations":[{"start":{"line":183,"column":13},"end":{"line":184,"column":null}},{"start":{"line":184,"column":9},"end":{"line":184,"column":null}}],"line":183},"38":{"loc":{"start":{"line":189,"column":19},"end":{"line":189,"column":null}},"type":"cond-expr","locations":[{"start":{"line":189,"column":40},"end":{"line":189,"column":78}},{"start":{"line":189,"column":81},"end":{"line":189,"column":null}}],"line":189},"39":{"loc":{"start":{"line":190,"column":4},"end":{"line":190,"column":null}},"type":"if","locations":[{"start":{"line":190,"column":4},"end":{"line":190,"column":null}},{"start":{},"end":{}}],"line":190},"40":{"loc":{"start":{"line":191,"column":4},"end":{"line":191,"column":null}},"type":"if","locations":[{"start":{"line":191,"column":4},"end":{"line":191,"column":null}},{"start":{},"end":{}}],"line":191},"41":{"loc":{"start":{"line":196,"column":4},"end":{"line":196,"column":null}},"type":"if","locations":[{"start":{"line":196,"column":4},"end":{"line":196,"column":null}},{"start":{},"end":{}}],"line":196},"42":{"loc":{"start":{"line":201,"column":16},"end":{"line":201,"column":null}},"type":"cond-expr","locations":[{"start":{"line":201,"column":26},"end":{"line":201,"column":32}},{"start":{"line":201,"column":32},"end":{"line":201,"column":null}}],"line":201},"43":{"loc":{"start":{"line":203,"column":12},"end":{"line":213,"column":14}},"type":"cond-expr","locations":[{"start":{"line":204,"column":12},"end":{"line":211,"column":null}},{"start":{"line":213,"column":12},"end":{"line":213,"column":14}}],"line":203},"44":{"loc":{"start":{"line":214,"column":12},"end":{"line":224,"column":14}},"type":"cond-expr","locations":[{"start":{"line":215,"column":12},"end":{"line":222,"column":null}},{"start":{"line":224,"column":12},"end":{"line":224,"column":14}}],"line":214},"45":{"loc":{"start":{"line":225,"column":12},"end":{"line":235,"column":null}},"type":"cond-expr","locations":[{"start":{"line":226,"column":12},"end":{"line":233,"column":null}},{"start":{"line":235,"column":12},"end":{"line":235,"column":null}}],"line":225},"46":{"loc":{"start":{"line":229,"column":26},"end":{"line":229,"column":null}},"type":"cond-expr","locations":[{"start":{"line":229,"column":33},"end":{"line":229,"column":57}},{"start":{"line":229,"column":57},"end":{"line":229,"column":null}}],"line":229},"47":{"loc":{"start":{"line":261,"column":8},"end":{"line":261,"column":50}},"type":"cond-expr","locations":[{"start":{"line":261,"column":23},"end":{"line":261,"column":45}},{"start":{"line":261,"column":48},"end":{"line":261,"column":50}}],"line":261},"48":{"loc":{"start":{"line":262,"column":8},"end":{"line":262,"column":84}},"type":"cond-expr","locations":[{"start":{"line":262,"column":31},"end":{"line":262,"column":79}},{"start":{"line":262,"column":82},"end":{"line":262,"column":84}}],"line":262},"49":{"loc":{"start":{"line":263,"column":8},"end":{"line":263,"column":70}},"type":"cond-expr","locations":[{"start":{"line":263,"column":29},"end":{"line":263,"column":65}},{"start":{"line":263,"column":68},"end":{"line":263,"column":70}}],"line":263},"50":{"loc":{"start":{"line":264,"column":8},"end":{"line":272,"column":10}},"type":"cond-expr","locations":[{"start":{"line":265,"column":8},"end":{"line":271,"column":10}},{"start":{"line":272,"column":8},"end":{"line":272,"column":10}}],"line":264},"51":{"loc":{"start":{"line":273,"column":8},"end":{"line":281,"column":10}},"type":"cond-expr","locations":[{"start":{"line":274,"column":8},"end":{"line":280,"column":10}},{"start":{"line":281,"column":8},"end":{"line":281,"column":10}}],"line":273},"52":{"loc":{"start":{"line":282,"column":8},"end":{"line":282,"column":null}},"type":"cond-expr","locations":[{"start":{"line":282,"column":30},"end":{"line":282,"column":104}},{"start":{"line":282,"column":107},"end":{"line":282,"column":null}}],"line":282},"53":{"loc":{"start":{"line":288,"column":2},"end":{"line":288,"column":null}},"type":"if","locations":[{"start":{"line":288,"column":2},"end":{"line":288,"column":null}},{"start":{},"end":{}}],"line":288},"54":{"loc":{"start":{"line":302,"column":19},"end":{"line":302,"column":73}},"type":"binary-expr","locations":[{"start":{"line":302,"column":19},"end":{"line":302,"column":34}},{"start":{"line":302,"column":34},"end":{"line":302,"column":73}}],"line":302},"55":{"loc":{"start":{"line":304,"column":22},"end":{"line":304,"column":null}},"type":"binary-expr","locations":[{"start":{"line":304,"column":22},"end":{"line":304,"column":42}},{"start":{"line":304,"column":42},"end":{"line":304,"column":null}}],"line":304},"56":{"loc":{"start":{"line":307,"column":18},"end":{"line":307,"column":null}},"type":"cond-expr","locations":[{"start":{"line":307,"column":29},"end":{"line":307,"column":53}},{"start":{"line":307,"column":53},"end":{"line":307,"column":null}}],"line":307},"57":{"loc":{"start":{"line":309,"column":10},"end":{"line":309,"column":null}},"type":"cond-expr","locations":[{"start":{"line":309,"column":29},"end":{"line":309,"column":41}},{"start":{"line":309,"column":41},"end":{"line":309,"column":null}}],"line":309},"58":{"loc":{"start":{"line":309,"column":41},"end":{"line":309,"column":null}},"type":"cond-expr","locations":[{"start":{"line":309,"column":61},"end":{"line":309,"column":73}},{"start":{"line":309,"column":73},"end":{"line":309,"column":null}}],"line":309},"59":{"loc":{"start":{"line":309,"column":73},"end":{"line":309,"column":null}},"type":"cond-expr","locations":[{"start":{"line":309,"column":94},"end":{"line":309,"column":106}},{"start":{"line":309,"column":106},"end":{"line":309,"column":null}}],"line":309},"60":{"loc":{"start":{"line":310,"column":15},"end":{"line":310,"column":null}},"type":"cond-expr","locations":[{"start":{"line":310,"column":26},"end":{"line":310,"column":49}},{"start":{"line":310,"column":49},"end":{"line":310,"column":null}}],"line":310},"61":{"loc":{"start":{"line":324,"column":2},"end":{"line":347,"column":null}},"type":"if","locations":[{"start":{"line":324,"column":2},"end":{"line":347,"column":null}},{"start":{},"end":{}}],"line":324},"62":{"loc":{"start":{"line":334,"column":20},"end":{"line":334,"column":null}},"type":"cond-expr","locations":[{"start":{"line":334,"column":48},"end":{"line":334,"column":60}},{"start":{"line":334,"column":60},"end":{"line":334,"column":null}}],"line":334},"63":{"loc":{"start":{"line":335,"column":4},"end":{"line":347,"column":null}},"type":"if","locations":[{"start":{"line":335,"column":4},"end":{"line":347,"column":null}},{"start":{},"end":{}}],"line":335},"64":{"loc":{"start":{"line":335,"column":8},"end":{"line":335,"column":42}},"type":"binary-expr","locations":[{"start":{"line":335,"column":8},"end":{"line":335,"column":19}},{"start":{"line":335,"column":19},"end":{"line":335,"column":42}}],"line":335},"65":{"loc":{"start":{"line":338,"column":25},"end":{"line":338,"column":null}},"type":"binary-expr","locations":[{"start":{"line":338,"column":25},"end":{"line":338,"column":55}},{"start":{"line":338,"column":55},"end":{"line":338,"column":null}}],"line":338},"66":{"loc":{"start":{"line":339,"column":6},"end":{"line":347,"column":null}},"type":"if","locations":[{"start":{"line":339,"column":6},"end":{"line":347,"column":null}},{"start":{},"end":{}}],"line":339},"67":{"loc":{"start":{"line":354,"column":56},"end":{"line":354,"column":null}},"type":"cond-expr","locations":[{"start":{"line":354,"column":74},"end":{"line":354,"column":79}},{"start":{"line":354,"column":79},"end":{"line":354,"column":null}}],"line":354}},"s":{"0":1,"1":1,"2":1,"3":1,"4":11,"5":1,"6":9,"7":4,"8":6,"9":6,"10":2,"11":4,"12":4,"13":6,"14":6,"15":8,"16":6,"17":3,"18":3,"19":3,"20":7,"21":7,"22":1,"23":6,"24":3,"25":5,"26":8,"27":3,"28":5,"29":5,"30":7,"31":7,"32":1,"33":6,"34":6,"35":7,"36":7,"37":5,"38":1,"39":1,"40":1,"41":5,"42":5,"43":7,"44":3,"45":4,"46":12,"47":12,"48":4,"49":4,"50":5,"51":5,"52":1,"53":4,"54":4,"55":4,"56":3,"57":5,"58":5,"59":5,"60":9,"61":9,"62":5,"63":4,"64":0,"65":8,"66":2,"67":6,"68":18,"69":8,"70":8,"71":8,"72":7,"73":1,"74":6,"75":6,"76":6,"77":7,"78":7,"79":1,"80":5,"81":5,"82":5,"83":5,"84":3,"85":2,"86":1,"87":1,"88":6,"89":6,"90":5,"91":5,"92":0,"93":5,"94":5,"95":5,"96":5,"97":5,"98":5,"99":5,"100":1,"101":6,"102":5,"103":5,"104":0,"105":0,"106":0,"107":0,"108":0,"109":0,"110":0,"111":0,"112":0,"113":0,"114":0,"115":0,"116":0,"117":0,"118":0,"119":0,"120":0,"121":0,"122":0,"123":0,"124":0,"125":0,"126":0,"127":0,"128":0},"f":{"0":11,"1":9,"2":4,"3":6,"4":6,"5":8,"6":6,"7":5,"8":8,"9":5,"10":7,"11":12,"12":3,"13":5,"14":8,"15":18,"16":5,"17":0,"18":0,"19":0,"20":0,"21":0,"22":0,"23":0},"b":{"0":[6,5],"1":[2,4],"2":[4,4],"3":[6,4],"4":[6,3],"5":[6,3],"6":[6,3],"7":[3,3],"8":[1,6],"9":[6,5],"10":[3,5],"11":[1,6],"12":[6,1],"13":[5,1],"14":[1,0],"15":[1,0],"16":[1,0],"17":[5,0],"18":[1,4],"19":[3,4],"20":[4,8],"21":[1,4],"22":[5,5],"23":[3,1],"24":[3,0],"25":[3,1],"26":[5,4],"27":[2,6],"28":[6,0],"29":[1,6],"30":[7,7,7],"31":[6,0],"32":[6,0,0],"33":[7,1],"34":[1,6],"35":[5,0],"36":[3,2],"37":[1,1],"38":[5,0],"39":[0,5],"40":[5,0],"41":[1,4],"42":[1,4],"43":[3,2],"44":[1,4],"45":[1,4],"46":[0,1],"47":[0,0],"48":[0,0],"49":[0,0],"50":[0,0],"51":[0,0],"52":[0,0],"53":[0,0],"54":[0,0],"55":[0,0],"56":[0,0],"57":[0,0],"58":[0,0],"59":[0,0],"60":[0,0],"61":[0,0],"62":[0,0],"63":[0,0],"64":[0,0],"65":[0,0],"66":[0,0],"67":[0,0]},"meta":{"lastBranch":68,"lastFunction":24,"lastStatement":129,"seen":{"s:13:56:17:Infinity":0,"s:19:54:19:Infinity":1,"s:21:59:27:Infinity":2,"s:29:6:29:Infinity":3,"f:29:6:29:16":0,"s:29:42:29:Infinity":4,"b:29:60:29:65:29:65:29:Infinity":0,"s:30:6:30:73":5,"f:30:6:30:15":1,"s:30:32:30:73":6,"f:32:16:32:30":2,"s:33:2:33:Infinity":7,"f:33:29:33:34":3,"s:33:40:33:81":8,"f:43:16:43:29":4,"b:44:2:44:Infinity:undefined:undefined:undefined:undefined":1,"s:44:2:44:Infinity":9,"s:44:17:44:Infinity":10,"s:45:65:45:Infinity":11,"s:46:16:46:48":12,"b:46:16:46:25:46:16:46:48":2,"s:47:14:47:44":13,"b:47:14:47:23:47:14:47:44":3,"s:48:2:72:Infinity":14,"b:49:4:49:18:49:18:55:Infinity":4,"b:56:4:56:23:56:23:62:Infinity":5,"b:63:4:63:23:63:23:68:Infinity":6,"f:72:5:72:11":5,"s:72:20:72:52":15,"f:83:16:83:Infinity":6,"b:87:2:87:Infinity:undefined:undefined:undefined:undefined":7,"s:87:2:87:Infinity":16,"s:87:22:87:Infinity":17,"s:88:16:88:41":18,"s:89:2:92:Infinity":19,"s:90:18:90:70":20,"b:91:4:91:Infinity:undefined:undefined:undefined:undefined":8,"s:91:4:91:Infinity":21,"s:91:15:91:Infinity":22,"s:92:4:92:Infinity":23,"b:92:21:92:36:92:40:92:45":9,"s:94:2:96:Infinity":24,"f:95:5:95:10":7,"s:95:29:95:105":25,"f:99:16:99:32":8,"b:100:2:100:Infinity:undefined:undefined:undefined:undefined":10,"s:100:2:100:Infinity":26,"s:100:25:100:Infinity":27,"s:101:16:101:70":28,"s:102:2:112:Infinity":29,"s:103:23:103:Infinity":30,"b:104:4:104:Infinity:undefined:undefined:undefined:undefined":11,"s:104:4:104:Infinity":31,"s:104:20:104:Infinity":32,"s:105:17:105:39":33,"s:106:16:106:Infinity":34,"b:106:16:106:30:106:30:106:Infinity":12,"s:107:15:107:30":35,"b:108:4:112:Infinity:110:11:112:Infinity":13,"s:108:4:112:Infinity":36,"s:109:6:109:Infinity":37,"b:111:6:111:Infinity:undefined:undefined:undefined:undefined":14,"s:111:6:111:Infinity":38,"b:111:11:111:41:111:41:111:47":15,"b:111:47:111:85:111:85:111:89":16,"s:111:89:111:Infinity":39,"s:112:6:112:Infinity":40,"s:115:2:123:Infinity":41,"f:116:5:116:10":9,"s:116:43:122:7":42,"b:119:13:119:46:119:46:119:Infinity":17,"b:121:38:121:53:121:53:121:Infinity":18,"f:126:16:126:34":10,"b:127:2:127:Infinity:undefined:undefined:undefined:undefined":19,"s:127:2:127:Infinity":43,"s:127:22:127:Infinity":44,"s:128:19:131:18":45,"f:128:26:128:34":11,"s:129:14:129:57":46,"s:130:4:130:Infinity":47,"b:130:21:130:25:130:25:130:Infinity":20,"s:132:15:132:40":48,"s:133:2:136:Infinity":49,"s:134:17:134:46":50,"b:135:4:135:Infinity:undefined:undefined:undefined:undefined":21,"s:135:4:135:Infinity":51,"b:135:8:135:17:135:17:135:34":22,"s:135:34:135:Infinity":52,"b:136:4:136:Infinity:undefined:undefined:undefined:undefined":23,"s:136:4:136:Infinity":53,"s:136:25:136:Infinity":54,"b:136:40:136:58:136:58:136:68":24,"s:138:2:146:Infinity":55,"f:139:5:139:10":12,"s:139:25:145:7":56,"b:142:13:142:36:142:36:142:Infinity":25,"f:149:9:149:25":13,"s:150:12:150:29":57,"s:151:2:154:Infinity":58,"s:151:15:151:18":59,"s:152:16:152:44":60,"b:153:4:153:Infinity:undefined:undefined:undefined:undefined":26,"s:153:4:153:Infinity":61,"s:153:32:153:Infinity":62,"s:154:4:154:Infinity":63,"s:156:2:156:Infinity":64,"f:159:16:159:Infinity":14,"b:164:2:164:Infinity:undefined:undefined:undefined:undefined":27,"s:164:2:164:Infinity":65,"s:164:25:164:Infinity":66,"s:165:24:165:103":67,"b:165:33:165:43:165:43:165:45":28,"f:165:47:165:52":15,"s:165:58:165:101":68,"s:166:19:166:79":69,"s:167:15:167:32":70,"s:169:2:184:Infinity":71,"b:170:4:170:Infinity:undefined:undefined:undefined:undefined":29,"s:170:4:170:Infinity":72,"b:170:8:170:34:170:34:170:45:170:45:170:61":30,"s:170:63:170:Infinity":73,"s:171:4:171:Infinity":74,"s:172:15:172:Infinity":75,"s:173:19:177:19":76,"b:174:82:174:102:174:102:174:Infinity":31,"b:174:6:174:33:174:33:174:59:174:59:174:79":32,"s:178:18:178:Infinity":77,"b:178:18:178:51:178:51:178:Infinity":33,"b:179:4:179:Infinity:undefined:undefined:undefined:undefined":34,"s:179:4:179:Infinity":78,"s:179:24:179:Infinity":79,"b:180:4:180:Infinity:undefined:undefined:undefined:undefined":35,"s:180:4:180:Infinity":80,"s:180:31:180:Infinity":81,"s:181:14:181:34":82,"b:182:4:184:Infinity:183:13:184:Infinity":36,"s:182:4:184:Infinity":83,"s:182:22:182:Infinity":84,"b:183:13:184:Infinity:184:9:184:Infinity":37,"s:183:13:184:Infinity":85,"s:183:28:183:Infinity":86,"s:184:9:184:Infinity":87,"s:187:20:187:98":88,"s:188:2:196:Infinity":89,"s:189:19:189:Infinity":90,"b:189:40:189:78:189:81:189:Infinity":38,"b:190:4:190:Infinity:undefined:undefined:undefined:undefined":39,"s:190:4:190:Infinity":91,"s:190:17:190:Infinity":92,"b:191:4:191:Infinity:undefined:undefined:undefined:undefined":40,"s:191:4:191:Infinity":93,"s:191:32:191:Infinity":94,"s:192:14:192:35":95,"s:193:4:193:Infinity":96,"s:194:4:194:Infinity":97,"s:195:4:195:Infinity":98,"b:196:4:196:Infinity:undefined:undefined:undefined:undefined":41,"s:196:4:196:Infinity":99,"s:196:27:196:Infinity":100,"s:199:2:238:Infinity":101,"f:200:5:200:14":16,"s:201:16:201:Infinity":102,"b:201:26:201:32:201:32:201:Infinity":42,"s:202:6:236:Infinity":103,"b:204:12:211:Infinity:213:12:213:14":43,"b:215:12:222:Infinity:224:12:224:14":44,"b:226:12:233:Infinity:235:12:235:Infinity":45,"b:229:33:229:57:229:57:229:Infinity":46,"f:241:16:241:Infinity":17,"s:259:6:259:Infinity":104,"s:260:2:283:Infinity":105,"b:261:23:261:45:261:48:261:50":47,"b:262:31:262:79:262:82:262:84":48,"b:263:29:263:65:263:68:263:70":49,"b:265:8:271:10:272:8:272:10":50,"b:274:8:280:10:281:8:281:10":51,"b:282:30:282:104:282:107:282:Infinity":52,"f:286:9:286:25":18,"s:287:12:287:46":106,"b:288:2:288:Infinity:undefined:undefined:undefined:undefined":53,"s:288:2:288:Infinity":107,"s:288:10:288:Infinity":108,"s:289:2:289:Infinity":109,"f:292:16:292:Infinity":19,"s:299:8:299:65":110,"f:299:8:299:13":20,"s:299:29:299:65":111,"s:301:24:313:Infinity":112,"f:302:5:302:13":21,"s:302:19:302:73":113,"b:302:19:302:34:302:34:302:73":54,"f:303:5:303:10":22,"s:304:22:304:Infinity":114,"b:304:22:304:42:304:42:304:Infinity":55,"s:305:6:312:Infinity":115,"b:307:29:307:53:307:53:307:Infinity":56,"b:309:29:309:41:309:41:309:Infinity":57,"b:309:61:309:73:309:73:309:Infinity":58,"b:309:94:309:106:309:106:309:Infinity":59,"b:310:26:310:49:310:49:310:Infinity":60,"s:322:8:322:10":116,"b:324:2:347:Infinity:undefined:undefined:undefined:undefined":61,"s:324:2:347:Infinity":117,"s:325:4:332:Infinity":118,"s:333:20:333:62":119,"s:334:20:334:Infinity":120,"b:334:48:334:60:334:60:334:Infinity":62,"b:335:4:347:Infinity:undefined:undefined:undefined:undefined":63,"s:335:4:347:Infinity":121,"b:335:8:335:19:335:19:335:42":64,"s:336:22:336:64":122,"s:337:20:337:79":123,"s:338:25:338:Infinity":124,"b:338:25:338:55:338:55:338:Infinity":65,"b:339:6:347:Infinity:undefined:undefined:undefined:undefined":66,"s:339:6:347:Infinity":125,"s:340:8:347:Infinity":126,"s:352:2:355:Infinity":127,"f:354:40:354:46":23,"s:354:56:354:Infinity":128,"b:354:74:354:79:354:79:354:Infinity":67}}}
,"C:\\Users\\Lovro\\Documents\\Projects\\Algo_Trading\\frontend\\src\\features\\charts\\utils\\series.ts": {"path":"C:\\Users\\Lovro\\Documents\\Projects\\Algo_Trading\\frontend\\src\\features\\charts\\utils\\series.ts","statementMap":{"0":{"start":{"line":8,"column":15},"end":{"line":8,"column":32}},"1":{"start":{"line":9,"column":2},"end":{"line":20,"column":null}},"2":{"start":{"line":10,"column":19},"end":{"line":10,"column":27}},"3":{"start":{"line":12,"column":31},"end":{"line":12,"column":68}},"4":{"start":{"line":13,"column":6},"end":{"line":15,"column":null}},"5":{"start":{"line":14,"column":8},"end":{"line":15,"column":null}},"6":{"start":{"line":14,"column":27},"end":{"line":14,"column":null}},"7":{"start":{"line":15,"column":14},"end":{"line":15,"column":null}},"8":{"start":{"line":17,"column":6},"end":{"line":17,"column":null}},"9":{"start":{"line":19,"column":20},"end":{"line":19,"column":48}},"10":{"start":{"line":20,"column":19},"end":{"line":20,"column":56}},"11":{"start":{"line":23,"column":13},"end":{"line":24,"column":59}},"12":{"start":{"line":24,"column":2},"end":{"line":24,"column":59}},"13":{"start":{"line":25,"column":13},"end":{"line":25,"column":89}},"14":{"start":{"line":25,"column":64},"end":{"line":25,"column":89}},"15":{"start":{"line":30,"column":2},"end":{"line":30,"column":null}},"16":{"start":{"line":30,"column":34},"end":{"line":30,"column":null}},"17":{"start":{"line":31,"column":52},"end":{"line":31,"column":54}},"18":{"start":{"line":32,"column":2},"end":{"line":43,"column":null}},"19":{"start":{"line":32,"column":15},"end":{"line":32,"column":23}},"20":{"start":{"line":33,"column":18},"end":{"line":33,"column":49}},"21":{"start":{"line":34,"column":33},"end":{"line":34,"column":35}},"22":{"start":{"line":35,"column":4},"end":{"line":38,"column":null}},"23":{"start":{"line":35,"column":17},"end":{"line":35,"column":20}},"24":{"start":{"line":36,"column":19},"end":{"line":36,"column":null}},"25":{"start":{"line":37,"column":19},"end":{"line":37,"column":null}},"26":{"start":{"line":38,"column":6},"end":{"line":38,"column":null}},"27":{"start":{"line":38,"column":32},"end":{"line":38,"column":null}},"28":{"start":{"line":40,"column":4},"end":{"line":40,"column":null}},"29":{"start":{"line":40,"column":28},"end":{"line":40,"column":null}},"30":{"start":{"line":41,"column":17},"end":{"line":41,"column":null}},"31":{"start":{"line":41,"column":45},"end":{"line":41,"column":52}},"32":{"start":{"line":42,"column":21},"end":{"line":42,"column":null}},"33":{"start":{"line":42,"column":49},"end":{"line":42,"column":70}},"34":{"start":{"line":43,"column":4},"end":{"line":43,"column":null}},"35":{"start":{"line":45,"column":2},"end":{"line":45,"column":null}},"36":{"start":{"line":49,"column":2},"end":{"line":49,"column":null}},"37":{"start":{"line":49,"column":34},"end":{"line":49,"column":null}},"38":{"start":{"line":50,"column":24},"end":{"line":50,"column":26}},"39":{"start":{"line":51,"column":2},"end":{"line":55,"column":null}},"40":{"start":{"line":51,"column":15},"end":{"line":51,"column":18}},"41":{"start":{"line":52,"column":17},"end":{"line":52,"column":null}},"42":{"start":{"line":53,"column":12},"end":{"line":53,"column":null}},"43":{"start":{"line":54,"column":18},"end":{"line":54,"column":null}},"44":{"start":{"line":55,"column":4},"end":{"line":55,"column":null}},"45":{"start":{"line":57,"column":52},"end":{"line":57,"column":54}},"46":{"start":{"line":58,"column":2},"end":{"line":61,"column":null}},"47":{"start":{"line":58,"column":15},"end":{"line":58,"column":27}},"48":{"start":{"line":59,"column":16},"end":{"line":59,"column":null}},"49":{"start":{"line":59,"column":66},"end":{"line":59,"column":73}},"50":{"start":{"line":60,"column":18},"end":{"line":60,"column":null}},"51":{"start":{"line":61,"column":4},"end":{"line":61,"column":null}},"52":{"start":{"line":61,"column":19},"end":{"line":61,"column":null}},"53":{"start":{"line":63,"column":2},"end":{"line":63,"column":null}},"54":{"start":{"line":67,"column":18},"end":{"line":71,"column":4}},"55":{"start":{"line":72,"column":2},"end":{"line":72,"column":null}},"56":{"start":{"line":73,"column":2},"end":{"line":73,"column":null}}},"fnMap":{"0":{"name":"toSorted","decl":{"start":{"line":7,"column":9},"end":{"line":7,"column":18}},"loc":{"start":{"line":7,"column":70},"end":{"line":20,"column":null}},"line":7},"1":{"name":"(anonymous_1)","decl":{"start":{"line":10,"column":5},"end":{"line":10,"column":13}},"loc":{"start":{"line":10,"column":19},"end":{"line":10,"column":27}},"line":10},"2":{"name":"(anonymous_2)","decl":{"start":{"line":11,"column":5},"end":{"line":11,"column":10}},"loc":{"start":{"line":11,"column":16},"end":{"line":18,"column":null}},"line":11},"3":{"name":"(anonymous_3)","decl":{"start":{"line":19,"column":5},"end":{"line":19,"column":11}},"loc":{"start":{"line":19,"column":20},"end":{"line":19,"column":48}},"line":19},"4":{"name":"(anonymous_4)","decl":{"start":{"line":20,"column":5},"end":{"line":20,"column":13}},"loc":{"start":{"line":20,"column":19},"end":{"line":20,"column":56}},"line":20},"5":{"name":"(anonymous_5)","decl":{"start":{"line":23,"column":13},"end":{"line":23,"column":29}},"loc":{"start":{"line":24,"column":2},"end":{"line":24,"column":59}},"line":24},"6":{"name":"(anonymous_6)","decl":{"start":{"line":25,"column":13},"end":{"line":25,"column":30}},"loc":{"start":{"line":25,"column":64},"end":{"line":25,"column":89}},"line":25},"7":{"name":"calcHV","decl":{"start":{"line":29,"column":16},"end":{"line":29,"column":23}},"loc":{"start":{"line":29,"column":92},"end":{"line":45,"column":null}},"line":29},"8":{"name":"(anonymous_8)","decl":{"start":{"line":41,"column":28},"end":{"line":41,"column":36}},"loc":{"start":{"line":41,"column":45},"end":{"line":41,"column":52}},"line":41},"9":{"name":"(anonymous_9)","decl":{"start":{"line":42,"column":32},"end":{"line":42,"column":40}},"loc":{"start":{"line":42,"column":49},"end":{"line":42,"column":70}},"line":42},"10":{"name":"calcATR","decl":{"start":{"line":48,"column":16},"end":{"line":48,"column":24}},"loc":{"start":{"line":48,"column":93},"end":{"line":63,"column":null}},"line":48},"11":{"name":"(anonymous_11)","decl":{"start":{"line":59,"column":49},"end":{"line":59,"column":57}},"loc":{"start":{"line":59,"column":66},"end":{"line":59,"column":73}},"line":59},"12":{"name":"addCompareOverlay","decl":{"start":{"line":66,"column":16},"end":{"line":66,"column":34}},"loc":{"start":{"line":66,"column":82},"end":{"line":73,"column":null}},"line":66}},"branchMap":{"0":{"loc":{"start":{"line":14,"column":8},"end":{"line":15,"column":null}},"type":"if","locations":[{"start":{"line":14,"column":8},"end":{"line":15,"column":null}},{"start":{"line":15,"column":14},"end":{"line":15,"column":null}}],"line":14},"1":{"loc":{"start":{"line":20,"column":19},"end":{"line":20,"column":56}},"type":"binary-expr","locations":[{"start":{"line":20,"column":19},"end":{"line":20,"column":36}},{"start":{"line":20,"column":40},"end":{"line":20,"column":56}}],"line":20},"2":{"loc":{"start":{"line":29,"column":44},"end":{"line":29,"column":92}},"type":"default-arg","locations":[{"start":{"line":29,"column":53},"end":{"line":29,"column":92}}],"line":29},"3":{"loc":{"start":{"line":30,"column":2},"end":{"line":30,"column":null}},"type":"if","locations":[{"start":{"line":30,"column":2},"end":{"line":30,"column":null}},{"start":{},"end":{}}],"line":30},"4":{"loc":{"start":{"line":36,"column":19},"end":{"line":36,"column":null}},"type":"binary-expr","locations":[{"start":{"line":36,"column":19},"end":{"line":36,"column":41}},{"start":{"line":36,"column":41},"end":{"line":36,"column":null}}],"line":36},"5":{"loc":{"start":{"line":37,"column":19},"end":{"line":37,"column":null}},"type":"binary-expr","locations":[{"start":{"line":37,"column":19},"end":{"line":37,"column":37}},{"start":{"line":37,"column":37},"end":{"line":37,"column":null}}],"line":37},"6":{"loc":{"start":{"line":38,"column":6},"end":{"line":38,"column":null}},"type":"if","locations":[{"start":{"line":38,"column":6},"end":{"line":38,"column":null}},{"start":{},"end":{}}],"line":38},"7":{"loc":{"start":{"line":38,"column":10},"end":{"line":38,"column":32}},"type":"binary-expr","locations":[{"start":{"line":38,"column":10},"end":{"line":38,"column":22}},{"start":{"line":38,"column":22},"end":{"line":38,"column":32}}],"line":38},"8":{"loc":{"start":{"line":40,"column":4},"end":{"line":40,"column":null}},"type":"if","locations":[{"start":{"line":40,"column":4},"end":{"line":40,"column":null}},{"start":{},"end":{}}],"line":40},"9":{"loc":{"start":{"line":48,"column":45},"end":{"line":48,"column":93}},"type":"default-arg","locations":[{"start":{"line":48,"column":54},"end":{"line":48,"column":93}}],"line":48},"10":{"loc":{"start":{"line":49,"column":2},"end":{"line":49,"column":null}},"type":"if","locations":[{"start":{"line":49,"column":2},"end":{"line":49,"column":null}},{"start":{},"end":{}}],"line":49},"11":{"loc":{"start":{"line":52,"column":17},"end":{"line":52,"column":null}},"type":"binary-expr","locations":[{"start":{"line":52,"column":17},"end":{"line":52,"column":35}},{"start":{"line":52,"column":35},"end":{"line":52,"column":null}}],"line":52},"12":{"loc":{"start":{"line":53,"column":12},"end":{"line":53,"column":null}},"type":"binary-expr","locations":[{"start":{"line":53,"column":12},"end":{"line":53,"column":29}},{"start":{"line":53,"column":29},"end":{"line":53,"column":null}}],"line":53},"13":{"loc":{"start":{"line":54,"column":18},"end":{"line":54,"column":null}},"type":"binary-expr","locations":[{"start":{"line":54,"column":18},"end":{"line":54,"column":41}},{"start":{"line":54,"column":41},"end":{"line":54,"column":null}}],"line":54},"14":{"loc":{"start":{"line":60,"column":18},"end":{"line":60,"column":null}},"type":"binary-expr","locations":[{"start":{"line":60,"column":18},"end":{"line":60,"column":41}},{"start":{"line":60,"column":41},"end":{"line":60,"column":null}}],"line":60},"15":{"loc":{"start":{"line":61,"column":4},"end":{"line":61,"column":null}},"type":"if","locations":[{"start":{"line":61,"column":4},"end":{"line":61,"column":null}},{"start":{},"end":{}}],"line":61}},"s":{"0":8,"1":8,"2":13,"3":12,"4":12,"5":44,"6":12,"7":32,"8":12,"9":7,"10":12,"11":1,"12":6,"13":1,"14":2,"15":8,"16":2,"17":6,"18":6,"19":6,"20":93,"21":93,"22":93,"23":93,"24":1860,"25":1860,"26":1860,"27":1860,"28":93,"29":0,"30":93,"31":1860,"32":93,"33":1860,"34":93,"35":93,"36":6,"37":1,"38":5,"39":5,"40":5,"41":155,"42":155,"43":155,"44":155,"45":5,"46":5,"47":5,"48":90,"49":1260,"50":90,"51":90,"52":90,"53":90,"54":0,"55":0,"56":0},"f":{"0":8,"1":13,"2":12,"3":7,"4":12,"5":6,"6":2,"7":8,"8":1860,"9":1860,"10":6,"11":1260,"12":0},"b":{"0":[12,32],"1":[12,10],"2":[8],"3":[2,6],"4":[1860,0],"5":[1860,0],"6":[1860,0],"7":[1860,1860],"8":[0,93],"9":[6],"10":[1,5],"11":[155,126],"12":[155,126],"13":[155,0],"14":[90,0],"15":[90,0]},"meta":{"lastBranch":16,"lastFunction":13,"lastStatement":57,"seen":{"f:7:9:7:18":0,"s:8:15:8:32":0,"s:9:2:20:Infinity":1,"f:10:5:10:13":1,"s:10:19:10:27":2,"f:11:5:11:10":2,"s:12:31:12:68":3,"s:13:6:15:Infinity":4,"b:14:8:15:Infinity:15:14:15:Infinity":0,"s:14:8:15:Infinity":5,"s:14:27:14:Infinity":6,"s:15:14:15:Infinity":7,"s:17:6:17:Infinity":8,"f:19:5:19:11":3,"s:19:20:19:48":9,"f:20:5:20:13":4,"s:20:19:20:56":10,"b:20:19:20:36:20:40:20:56":1,"s:23:13:24:59":11,"f:23:13:23:29":5,"s:24:2:24:59":12,"s:25:13:25:89":13,"f:25:13:25:30":6,"s:25:64:25:89":14,"f:29:16:29:23":7,"b:29:53:29:92":2,"b:30:2:30:Infinity:undefined:undefined:undefined:undefined":3,"s:30:2:30:Infinity":15,"s:30:34:30:Infinity":16,"s:31:52:31:54":17,"s:32:2:43:Infinity":18,"s:32:15:32:23":19,"s:33:18:33:49":20,"s:34:33:34:35":21,"s:35:4:38:Infinity":22,"s:35:17:35:20":23,
[...]
t":{"line":9,"column":61},"end":{"line":14,"column":null}},"line":9},"2":{"name":"fmtPct","decl":{"start":{"line":17,"column":16},"end":{"line":17,"column":23}},"loc":{"start":{"line":17,"column":61},"end":{"line":20,"column":null}},"line":17},"3":{"name":"changePctOverBars","decl":{"start":{"line":25,"column":16},"end":{"line":25,"column":34}},"loc":{"start":{"line":25,"column":85},"end":{"line":33,"column":null}},"line":25}},"branchMap":{"0":{"loc":{"start":{"line":2,"column":2},"end":{"line":2,"column":null}},"type":"if","locations":[{"start":{"line":2,"column":2},"end":{"line":2,"column":null}},{"start":{},"end":{}}],"line":2},"1":{"loc":{"start":{"line":3,"column":2},"end":{"line":3,"column":null}},"type":"if","locations":[{"start":{"line":3,"column":2},"end":{"line":3,"column":null}},{"start":{},"end":{}}],"line":3},"2":{"loc":{"start":{"line":4,"column":2},"end":{"line":4,"column":null}},"type":"if","locations":[{"start":{"line":4,"column":2},"end":{"line":4,"column":null}},{"start":{},"end":{}}],"line":4},"3":{"loc":{"start":{"line":5,"column":2},"end":{"line":5,"column":null}},"type":"if","locations":[{"start":{"line":5,"column":2},"end":{"line":5,"column":null}},{"start":{},"end":{}}],"line":5},"4":{"loc":{"start":{"line":10,"column":2},"end":{"line":10,"column":null}},"type":"if","locations":[{"start":{"line":10,"column":2},"end":{"line":10,"column":null}},{"start":{},"end":{}}],"line":10},"5":{"loc":{"start":{"line":11,"column":2},"end":{"line":11,"column":null}},"type":"if","locations":[{"start":{"line":11,"column":2},"end":{"line":11,"column":null}},{"start":{},"end":{}}],"line":11},"6":{"loc":{"start":{"line":12,"column":2},"end":{"line":12,"column":null}},"type":"if","locations":[{"start":{"line":12,"column":2},"end":{"line":12,"column":null}},{"start":{},"end":{}}],"line":12},"7":{"loc":{"start":{"line":13,"column":2},"end":{"line":13,"column":null}},"type":"if","locations":[{"start":{"line":13,"column":2},"end":{"line":13,"column":null}},{"start":{},"end":{}}],"line":13},"8":{"loc":{"start":{"line":18,"column":2},"end":{"line":18,"column":null}},"type":"if","locations":[{"start":{"line":18,"column":2},"end":{"line":18,"column":null}},{"start":{},"end":{}}],"line":18},"9":{"loc":{"start":{"line":19,"column":15},"end":{"line":19,"column":null}},"type":"cond-expr","locations":[{"start":{"line":19,"column":24},"end":{"line":19,"column":30}},{"start":{"line":19,"column":30},"end":{"line":19,"column":null}}],"line":19},"10":{"loc":{"start":{"line":26,"column":2},"end":{"line":26,"column":null}},"type":"if","locations":[{"start":{"line":26,"column":2},"end":{"line":26,"column":null}},{"start":{},"end":{}}],"line":26},"11":{"loc":{"start":{"line":28,"column":15},"end":{"line":28,"column":null}},"type":"binary-expr","locations":[{"start":{"line":28,"column":15},"end":{"line":28,"column":37}},{"start":{"line":28,"column":41},"end":{"line":28,"column":null}}],"line":28},"12":{"loc":{"start":{"line":29,"column":2},"end":{"line":29,"column":null}},"type":"if","locations":[{"start":{"line":29,"column":2},"end":{"line":29,"column":null}},{"start":{},"end":{}}],"line":29},"13":{"loc":{"start":{"line":29,"column":6},"end":{"line":29,"column":43}},"type":"binary-expr","locations":[{"start":{"line":29,"column":6},"end":{"line":29,"column":25}},{"start":{"line":29,"column":25},"end":{"line":29,"column":36}},{"start":{"line":29,"column":36},"end":{"line":29,"column":43}}],"line":29},"14":{"loc":{"start":{"line":30,"column":12},"end":{"line":30,"column":null}},"type":"binary-expr","locations":[{"start":{"line":30,"column":12},"end":{"line":30,"column":29}},{"start":{"line":30,"column":29},"end":{"line":30,"column":null}}],"line":30},"15":{"loc":{"start":{"line":31,"column":12},"end":{"line":31,"column":null}},"type":"binary-expr","locations":[{"start":{"line":31,"column":12},"end":{"line":31,"column":31}},{"start":{"line":31,"column":31},"end":{"line":31,"column":null}}],"line":31},"16":{"loc":{"start":{"line":32,"column":2},"end":{"line":32,"column":null}},"type":"if","locations":[{"start":{"line":32,"column":2},"end":{"line":32,"column":null}},{"start":{},"end":{}}],"line":32}},"s":{"0":10,"1":2,"2":8,"3":8,"4":6,"5":6,"6":4,"7":4,"8":2,"9":10,"10":2,"11":8,"12":8,"13":5,"14":5,"15":3,"16":3,"17":1,"18":7,"19":2,"20":5,"21":7,"22":8,"23":3,"24":5,"25":5,"26":8,"27":0,"28":5,"29":8,"30":8,"31":1,"32":4},"f":{"0":10,"1":10,"2":7,"3":8},"b":{"0":[2,8],"1":[2,6],"2":[2,4],"3":[2,2],"4":[2,8],"5":[3,5],"6":[2,3],"7":[2,1],"8":[2,5],"9":[4,1],"10":[3,5],"11":[5,1],"12":[0,8],"13":[8,5,5],"14":[5,4],"15":[8,4],"16":[1,7]},"meta":{"lastBranch":17,"lastFunction":4,"lastStatement":33,"seen":{"f:1:16:1:27":0,"b:2:2:2:Infinity:undefined:undefined:undefined:undefined":0,"s:2:2:2:Infinity":0,"s:2:17:2:Infinity":1,"b:3:2:3:Infinity:undefined:undefined:undefined:undefined":1,"s:3:2:3:Infinity":2,"s:3:17:3:Infinity":3,"b:4:2:4:Infinity:undefined:undefined:undefined:undefined":2,"s:4:2:4:Infinity":4,"s:4:16:4:Infinity":5,"b:5:2:5:Infinity:undefined:undefined:undefined:undefined":3,"s:5:2:5:Infinity":6,"s:5:16:5:Infinity":7,"s:6:2:6:Infinity":8,"f:9:16:9:23":1,"b:10:2:10:Infinity:undefined:undefined:undefined:undefined":4,"s:10:2:10:Infinity":9,"s:10:17:10:Infinity":10,"b:11:2:11:Infinity:undefined:undefined:undefined:undefined":5,"s:11:2:11:Infinity":11,"s:11:16:11:Infinity":12,"b:12:2:12:Infinity:undefined:undefined:undefined:undefined":6,"s:12:2:12:Infinity":13,"s:12:16:12:Infinity":14,"b:13:2:13:Infinity:undefined:undefined:undefined:undefined":7,"s:13:2:13:Infinity":15,"s:13:16:13:Infinity":16,"s:14:2:14:Infinity":17,"f:17:16:17:23":2,"b:18:2:18:Infinity:undefined:undefined:undefined:undefined":8,"s:18:2:18:Infinity":18,"s:18:17:18:Infinity":19,"s:19:15:19:Infinity":20,"b:19:24:19:30:19:30:19:Infinity":9,"s:20:2:20:Infinity":21,"f:25:16:25:34":3,"b:26:2:26:Infinity:undefined:undefined:undefined:undefined":10,"s:26:2:26:Infinity":22,"s:26:25:26:Infinity":23,"s:27:17:27:30":24,"s:28:15:28:Infinity":25,"b:28:15:28:37:28:41:28:Infinity":11,"b:29:2:29:Infinity:undefined:undefined:undefined:undefined":12,"s:29:2:29:Infinity":26,"b:29:6:29:25:29:25:29:36:29:36:29:43":13,"s:29:43:29:Infinity":27,"s:30:12:30:Infinity":28,"b:30:12:30:29:30:29:30:Infinity":14,"s:31:12:31:Infinity":29,"b:31:12:31:31:31:31:31:Infinity":15,"b:32:2:32:Infinity:undefined:undefined:undefined:undefined":16,"s:32:2:32:Infinity":30,"s:32:10:32:Infinity":31,"s:33:2:33:Infinity":32}}}
,"C:\\Users\\Lovro\\Documents\\Projects\\Algo_Trading\\frontend\\src\\lib\\utils.ts": {"path":"C:\\Users\\Lovro\\Documents\\Projects\\Algo_Trading\\frontend\\src\\lib\\utils.ts","statementMap":{"0":{"start":{"line":6,"column":2},"end":{"line":6,"column":null}}},"fnMap":{"0":{"name":"cn","decl":{"start":{"line":5,"column":16},"end":{"line":5,"column":19}},"loc":{"start":{"line":5,"column":44},"end":{"line":6,"column":null}},"line":5}},"branchMap":{},"s":{"0":6},"f":{"0":6},"b":{},"meta":{"lastBranch":0,"lastFunction":1,"lastStatement":1,"seen":{"f:5:16:5:19":0,"s:6:2:6:Infinity":0}}}
,"C:\\Users\\Lovro\\Documents\\Projects\\Algo_Trading\\frontend\\src\\utils\\date.ts": {"path":"C:\\Users\\Lovro\\Documents\\Projects\\Algo_Trading\\frontend\\src\\utils\\date.ts","statementMap":{"0":{"start":{"line":2,"column":22},"end":{"line":2,"column":52}},"1":{"start":{"line":3,"column":2},"end":{"line":3,"column":null}},"2":{"start":{"line":7,"column":2},"end":{"line":7,"column":null}},"3":{"start":{"line":7,"column":16},"end":{"line":7,"column":null}},"4":{"start":{"line":8,"column":12},"end":{"line":8,"column":54}},"5":{"start":{"line":9,"column":2},"end":{"line":9,"column":null}},"6":{"start":{"line":9,"column":16},"end":{"line":9,"column":null}},"7":{"start":{"line":10,"column":2},"end":{"line":10,"column":null}},"8":{"start":{"line":13,"column":25},"end":{"line":119,"column":null}},"9":{"start":{"line":14,"column":59},"end":{"line":14,"column":null}},"10":{"start":{"line":16,"column":63},"end":{"line":16,"column":null}},"11":{"start":{"line":19,"column":4},"end":{"line":19,"column":null}},"12":{"start":{"line":23,"column":14},"end":{"line":23,"column":46}},"13":{"start":{"line":24,"column":4},"end":{"line":25,"column":null}},"14":{"start":{"line":25,"column":6},"end":{"line":25,"column":null}},"15":{"start":{"line":27,"column":4},"end":{"line":27,"column":null}},"16":{"start":{"line":31,"column":14},"end":{"line":31,"column":46}},"17":{"start":{"line":32,"column":4},"end":{"line":34,"column":null}},"18":{"start":{"line":33,"column":6},"end":{"line":33,"column":null}},"19":{"start":{"line":35,"column":4},"end":{"line":35,"column":null}},"20":{"start":{"line":39,"column":14},"end":{"line":39,"column":31}},"21":{"start":{"line":40,"column":4},"end":{"line":40,"column":null}},"22":{"start":{"line":40,"column":26},"end":{"line":40,"column":null}},"23":{"start":{"line":41,"column":4},"end":{"line":41,"column":null}},"24":{"start":{"line":41,"column":26},"end":{"line":41,"column":null}},"25":{"start":{"line":42,"column":4},"end":{"line":42,"column":null}},"26":{"start":{"line":46,"column":14},"end":{"line":46,"column":46}},"27":{"start":{"line":47,"column":4},"end":{"line":49,"column":null}},"28":{"start":{"line":48,"column":6},"end":{"line":48,"column":null}},"29":{"start":{"line":50,"column":4},"end":{"line":50,"column":null}},"30":{"start":{"line":55,"column":18},"end":{"line":60,"column":38}},"31":{"start":{"line":61,"column":14},"end":{"line":61,"column":null}},"32":{"start":{"line":61,"column":32},"end":{"line":61,"column":50}},"33":{"start":{"line":62,"column":14},"end":{"line":62,"column":null}},"34":{"start":{"line":62,"column":32},"end":{"line":62,"column":51}},"35":{"start":{"line":63,"column":14},"end":{"line":63,"column":null}},"36":{"start":{"line":63,"column":32},"end":{"line":63,"column":49}},"37":{"start":{"line":64,"column":4},"end":{"line":64,"column":null}},"38":{"start":{"line":69,"column":4},"end":{"line":74,"column":null}},"39":{"start":{"line":79,"column":4},"end":{"line":79,"column":null}},"40":{"start":{"line":79,"column":15},"end":{"line":79,"column":null}},"41":{"start":{"line":80,"column":19},"end":{"line":80,"column":46}},"42":{"start":{"line":81,"column":21},"end":{"line":81,"column":null}},"43":{"start":{"line":82,"column":18},"end":{"line":82,"column":52}},"44":{"start":{"line":83,"column":22},"end":{"line":83,"column":64}},"45":{"start":{"line":84,"column":4},"end":{"line":84,"column":null}},"46":{"start":{"line":89,"column":15},"end":{"line":89,"column":null}},"47":{"start":{"line":90,"column":10},"end":{"line":100,"column":30}},"48":{"start":{"line":91,"column":6},"end":{"line":100,"column":30}},"49":{"start":{"line":101,"column":10},"end":{"line":105,"column":null}},"50":{"start":{"line":102,"column":27},"end":{"line":102,"column":40}},"51":{"start":{"line":103,"column":25},"end":{"line":103,"column":40}},"52":{"start":{"line":104,"column":26},"end":{"line":104,"column":41}},"53":{"start":{"line":105,"column":6},"end":{"line":105,"column":null}},"54":{"start":{"line":107,"column":4},"end":{"line":107,"column":null}},"55":{"start":{"line":112,"column":4},"end":{"line":112,"column":null}},"56":{"start":{"line":117,"column":4},"end":{"line":117,"column":null}}},"fnMap":{"0":{"name":"parseYMD","decl":{"start":{"line":1,"column":16},"end":{"line":1,"column":25}},"loc":{"start":{"line":1,"column":48},"end":{"line":3,"column":null}},"line":1},"1":{"name":"safeOffsetDate","decl":{"start":{"line":6,"column":16},"end":{"line":6,"column":31}},"loc":{"start":{"line":6,"column":87},"end":{"line":10,"column":null}},"line":6},"2":{"name":"(anonymous_2)","decl":{"start":{"line":14,"column":2},"end":{"line":14,"column":15}},"loc":{"start":{"line":14,"column":59},"end":{"line":14,"column":null}},"line":14},"3":{"name":"(anonymous_3)","decl":{"start":{"line":16,"column":2},"end":{"line":16,"column":19}},"loc":{"start":{"line":16,"column":63},"end":{"line":16,"column":null}},"line":16},"4":{"name":"(anonymous_4)","decl":{"start":{"line":18,"column":2},"end":{"line":18,"column":21}},"loc":{"start":{"line":18,"column":21},"end":{"line":19,"column":null}},"line":18},"5":{"name":"(anonymous_5)","decl":{"start":{"line":22,"column":2},"end":{"line":22,"column":14}},"loc":{"start":{"line":22,"column":39},"end":{"line":27,"column":null}},"line":22},"6":{"name":"(anonymous_6)","decl":{"start":{"line":30,"column":2},"end":{"line":30,"column":14}},"loc":{"start":{"line":30,"column":39},"end":{"line":35,"column":null}},"line":30},"7":{"name":"(anonymous_7)","decl":{"start":{"line":38,"column":2},"end":{"line":38,"column":16}},"loc":{"start":{"line":38,"column":41},"end":{"line":42,"column":null}},"line":38},"8":{"name":"(anonymous_8)","decl":{"start":{"line":45,"column":2},"end":{"line":45,"column":14}},"loc":{"start":{"line":45,"column":39},"end":{"line":50,"column":null}},"line":45},"9":{"name":"(anonymous_9)","decl":{"start":{"line":54,"column":2},"end":{"line":54,"column":12}},"loc":{"start":{"line":54,"column":36},"end":{"line":64,"column":null}},"line":54},"10":{"name":"(anonymous_10)","decl":{"start":{"line":61,"column":20},"end":{"line":61,"column":26}},"loc":{"start":{"line":61,"column":32},"end":{"line":61,"column":50}},"line":61},"11":{"name":"(anonymous_11)","decl":{"start":{"line":62,"column":20},"end":{"line":62,"column":26}},"loc":{"start":{"line":62,"column":32},"end":{"line":62,"column":51}},"line":62},"12":{"name":"(anonymous_12)","decl":{"start":{"line":63,"column":20},"end":{"line":63,"column":26}},"loc":{"start":{"line":63,"column":32},"end":{"line":63,"column":49}},"line":63},"13":{"name":"(anonymous_13)","decl":{"start":{"line":68,"column":2},"end":{"line":68,"column":10}},"loc":{"start":{"line":68,"column":34},"end":{"line":74,"column":null}},"line":68},"14":{"name":"(anonymous_14)","decl":{"start":{"line":78,"column":2},"end":{"line":78,"column":12}},"loc":{"start":{"line":78,"column":48},"end":{"line":84,"column":null}},"line":78},"15":{"name":"(anonymous_15)","decl":{"start":{"line":88,"column":2},"end":{"line":88,"column":18}},"loc":{"start":{"line":88,"column":47},"end":{"line":107,"column":null}},"line":88},"16":{"name":"(anonymous_16)","decl":{"start":{"line":90,"column":10},"end":{"line":90,"column":17}},"loc":{"start":{"line":91,"column":6},"end":{"line":100,"column":30}},"line":91},"17":{"name":"(anonymous_17)","decl":{"start":{"line":101,"column":10},"end":{"line":101,"column":19}},"loc":{"start":{"line":101,"column":33},"end":{"line":105,"column":null}},"line":101},"18":{"name":"(anonymous_18)","decl":{"start":{"line":111,"column":2},"end":{"line":111,"column":19}},"loc":{"start":{"line":111,"column":39},"end":{"line":112,"column":null}},"line":111},"19":{"name":"(anonymous_19)","decl":{"start":{"line":116,"column":2},"end":{"line":116,"column":16}},"loc":{"start":{"line":116,"column":83},"end":{"line":117,"column":null}},"line":116}},"branchMap":{"0":{"loc":{"start":{"line":7,"column":2},"end":{"line":7,"column":null}},"type":"if","locations":[{"start":{"line":7,"column":2},"end":{"line":7,"column":null}},{"start":{},"end":{}}],"line":7},"1":{"loc":{"start":{"line":9,"column":2},"end":{"line":9,"column":null}},"type":"if","locations":[{"start":{"line":9,"column":2},"end":{"line":9,"column":null}},{"start":{},"end":{}}],"line":9},"2":{"loc":{"start":{"line":14,"column":59},"end":{"line":14,"column":null}},"type":"cond-expr","locations":[{"start":{"line":14,"column":65},"end":{"line":14,"column":99}},{"start":{"line":14,"column":102},"end":{"line":14,"column":null}}],"line":14},"3":{"loc":{"start":{"line":16,"column":63},"end":{"line":16,"column":null}},"type":"cond-expr","locations":[{"start":{"line":16,"column":69},"end":{"line":16,"column":99}},{"start":{"line":16,"column":102},"end":{"line":16,"column":null}}],"line":16},"4":{"loc":{"start":{"line":24,"column":11},"end":{"line":24,"column":55}},"type":"binary-expr","locations":[{"start":{"line":24,"column":11},"end":{"line":24,"column":34}},{"start":{"line":24,"column":34},"end":{"line":24,"column":55}}],"line":24},"5":{"loc":{"start":{"line":34,"column":13},"end":{"line":34,"column":null}},"type":"binary-expr","locations":[{"start":{"line":34,"column":13},"end":{"line":34,"column":36}},{"start":{"line":34,"column":36},"end":{"line":34,"column":null}}],"line":34},"6":{"loc":{"start":{"line":40,"column":4},"end":{"line":40,"column":null}},"type":"if","locations":[{"start":{"line":40,"column":4},"end":{"line":40,"column":null}},{"start":{},"end":{}}],"line":40},"7":{"loc":{"start":{"line":41,"column":4},"end":{"line":41,"column":null}},"type":"if","locations":[{"start":{"line":41,"column":4},"end":{"line":41,"column":null}},{"start":{},"end":{}}],"line":41},"8":{"loc":{"start":{"line":49,"column":13},"end":{"line":49,"column":null}},"type":"binary-expr","locations":[{"start":{"line":49,"column":13},"end":{"line":49,"column":36}},{"start":{"line":49,"column":36},"end":{"line":49,"column":null}}],"line":49},"9":{"loc":{"start":{"line":79,"column":4},"end":{"line":79,"column":null}},"type":"if","locations":[{"start":{"line":79,"column":4},"end":{"line":79,"column":null}},{"start":{},"end":{}}],"line":79}},"s":{"0":5,"1":5,"2":6,"3":2,"4":4,"5":4,"6":1,"7":3,"8":7,"9":3,"10":3,"11":2,"12":3,"13":3,"14":3,"15":3,"16":3,"17":3,"18":5,"19":3,"20":3,"21":3,"22":1,"23":3,"24":1,"25":3,"26":3,"27":3,"28":6,"29":3,"30":2,"31":2,"32":2,"33":2,"34":6,"35":2,"36":10,"37":2,"38":2,"39":26,"40":2,"41":24,"42":24,"43":24,"44":24,"45":24,"46":26,"47":26,"48":52,"49":26,"50":52,"51":52,"52":52,"53":52,"54":26,"55":1,"56":1},"f":{"0":5,"1":6,"2":3,"3":3,"4":2,"5":3,"6":3,"7":3,"8":3,"9":2,"10":2,"11":6,"12":10,"13":2,"14":26,"15":26,"16":52,"17":52,"18":1,"19":1},"b":{"0":[2,4],"1":[1,3],"2":[1,2],"3":[1,2],"4":[3,5],"5":[3,4],"6":[1,2],"7":[1,2],"8":[3,4],"9":[2,24]},"meta":{"lastBranch":10,"lastFunction":20,"lastStatement":57,"seen":{"f:1:16:1:25":0,"s:2:22:2:52":0,"s:3:2:3:Infinity":1,"f:6:16:6:31":1,"b:7:2:7:Infinity:undefined:undefined:undefined:undefined":0,"s:7:2:7:Infinity":2,"s:7:16:7:Infinity":3,"s:8:12:8:54":4,"b:9:2:9:Infinity:undefined:undefined:undefined:undefined":1,"s:9:2:9:Infinity":5,"s:9:16:9:Infinity":6,"s:10:2:10:Infinity":7,"s:13:25:119:Infinity":8,"f:14:2:14:15":2,"s:14:59:14:Infinity":9,"b:14:65:14:99:14:102:14:Infinity":2,"f:16:2:16:19":3,"s:16:63:16:Infinity":10,"b:16:69:16:99:16:102:16:Infinity":3,"f:18:2:18:21":4,"s:19:4:19:Infinity":11,"f:22:2:22:14":5,"s:23:14:23:46":12,"s:24:4:25:Infinity":13,"b:24:11:24:34:24:34:24:55":4,"s:25:6:25:Infinity":14,"s:27:4:27:Infinity":15,"f:30:2:30:14":6,"s:31:14:31:46":16,"s:32:4:34:Infinity":17,"s:33:6:33:Infinity":18,"b:34:13:34:36:34:36:34:Infinity":5,"s:35:4:35:Infinity":19,"f:38:2:38:16":7,"s:39:14:39:31":20,"b:40:4:40:Infinity:undefined:undefined:undefined:undefined":6,"s:40:4:40:Infinity":21,"s:40:26:40:Infinity":22,"b:41:4:41:Infinity:undefined:undefined:undefined:undefined":7,"s:41:4:41:Infinity":23,"s:41:26:41:Infinity":24,"s:42:4:42:Infinity":25,"f:45:2:45:14":8,"s:46:14:46:46":26,"s:47:4:49:Infinity":27,"s:48:6:48:Infinity":28,"b:49:13:49:36:49:36:49:Infinity":8,"s:50:4:50:Infinity":29,"f:54:2:54:12":9,"s:55:18:60:38":30,"s:61:14:61:Infinity":31,"f:61:20:61:26":10,"s:61:32:61:50":32,"s:62:14:62:Infinity":33,"f:62:20:62:26":11,"s:62:32:62:51":34,"s:63:14:63:Infinity":35,"f:63:20:63:26":12,"s:63:32:63:49":36,"s:64:4:64:Infinity":37,"f:68:2:68:10":13,"s:69:4:74:Infinity":38,"f:78:2:78:12":14,"b:79:4:79:Infinity:undefined:undefined:undefined:undefined":9,"s:79:4:79:Infinity":39,"s:79:15:79:Infinity":40,"s:80:19:80:46":41,"s:81:21:81:Infinity":42,"s:82:18:82:52":43,"s:83:22:83:64":44,"s:84:4:84:Infinity":45,"f:88:2:88:18":15,"s:89:15:89:Infinity":46,"s:90:10:100:30":47,"f:90:10:90:17":16,"s:91:6:100:30":48,"s:101:10:105:Infinity":49,"f:101:10:101:19":17,"s:102:27:102:40":50,"s:103:25:103:40":51,"s:104:26:104:41":52,"s:105:6:105:Infinity":53,"s:107:4:107:Infinity":54,"f:111:2:111:19":18,"s:112:4:112:Infinity":55,"f:116:2:116:16":19,"s:117:4:117:Infinity":56}}}
}
